C51 COMPILER V9.54   MAIN                                                                  03/10/2023 15:58:02 PAGE 1   


C51 COMPILER V9.54, COMPILATION OF MODULE MAIN
OBJECT MODULE PLACED IN .\Objects\main.obj
COMPILER INVOKED BY: E:\Software_installation\Keil_C51\C51\BIN\C51.EXE main.c OPTIMIZE(8,SPEED) BROWSE DEBUG OBJECTEXTEN
                    -D PRINT(.\Listings\main.lst) TABS(2) OBJECT(.\Objects\main.obj)

line level    source

   1          #include <STC89C5xRC.H>
   2          #include <SMG.h>
   3          #include <intrins.h>
   4          sbit adcint=P3^5;
   5          sbit adcrd=P3^3;
   6          sbit adcwr=P3^4;
   7          void Timer0Init(void)   //10ms
   8          {
   9   1        AUXR |= 0x80;   
  10   1        TMOD &= 0xF0;   
  11   1        TL0 = 0x20;   
  12   1        TH0 = 0xD1;   
  13   1        TF0 = 0;    
  14   1        TR0 = 1;    
  15   1        ET0=1;
  16   1        EA=1;
  17   1      }
  18          void timer0() interrupt 1
  19          {
  20   1        SMG_dis();
  21   1      }
  22          unsigned char read0804()
  23          {
  24   1        unsigned char adddata;
  25   1        adcrd=1;
  26   1        adcwr=1;
  27   1        adcint=1;
  28   1        P1=0xff;
  29   1        adcwr=0;
  30   1        adcwr=1;
  31   1        while(adcint==1);
  32   1        adcrd=0;
  33   1        _nop_();
  34   1        _nop_();
  35   1        adddata=P1;
  36   1        adcwr=1;
  37   1        return adddata;
  38   1      }
  39          unsigned int counting(unsigned char a)
  40          {
  41   1        float j;
  42   1        j=a*3.1372549019607+0.5;
  43   1        return (unsigned int)j;
  44   1      }
  45          void main()
  46          {
  47   1        unsigned char i;
  48   1        unsigned int count;
  49   1        Timer0Init();
  50   1        while(1)
  51   1        {
  52   2          count=counting(read0804());
  53   2          mo2[3]=count%10;
  54   2          mo2[2]=count/10%10;
C51 COMPILER V9.54   MAIN                                                                  03/10/2023 15:58:02 PAGE 2   

  55   2          mo2[1]=count/100+32;
  56   2        }
  57   1      }
*** WARNING C280 IN LINE 47 OF main.c: 'i': unreferenced local variable


MODULE INFORMATION:   STATIC OVERLAYABLE
   CODE SIZE        =    195    ----
   CONSTANT SIZE    =   ----    ----
   XDATA SIZE       =   ----    ----
   PDATA SIZE       =   ----    ----
   DATA SIZE        =   ----       1
   IDATA SIZE       =   ----    ----
   BIT SIZE         =   ----    ----
END OF MODULE INFORMATION.


C51 COMPILATION COMPLETE.  1 WARNING(S),  0 ERROR(S)
