C51 COMPILER V9.57.0.0   MIAN                                                              09/27/2022 16:16:35 PAGE 1   


C51 COMPILER V9.57.0.0, COMPILATION OF MODULE MIAN
OBJECT MODULE PLACED IN .\Objects\mian.obj
COMPILER INVOKED BY: E:\Keil\C51\BIN\C51.EXE mian.c OPTIMIZE(8,SPEED) BROWSE DEBUG OBJECTEXTEND PRINT(.\Listings\mian.ls
                    -t) TABS(2) OBJECT(.\Objects\mian.obj)

line level    source

   1          #include <reg52.h>
   2          #include <intrins.h>
   3          unsigned char code LedCode[]={0x03,0x9f,0x25,0x0d,0x99,0x49,0x41,0x1f,0x01,0x09,0x11,0xc1,0x63,0x85,0x61,0
             -x71};
   4          unsigned char str=4;
   5          unsigned char t=0;
   6          void Timer0init()
   7          {
   8   1        SCON = 0x00;
   9   1        TMOD=0x01;
  10   1        TH0=0x3c;
  11   1        TL0=0xb0;
  12   1        ET0=1;
  13   1        EA=1;
  14   1        TR0=1;
  15   1      }
  16          void Display()
  17          {
  18   1        SBUF=LedCode[str];
  19   1        while(!TI);
  20   1        TI=0;
  21   1        SBUF=LedCode[0];
  22   1        while(!TI);
  23   1        TI=0;
  24   1      }
  25          void main()
  26          {
  27   1        Timer0init();
  28   1        Display();
  29   1        while(1);
  30   1      }
  31          void timer0() interrupt 1
  32          {
  33   1        t++;
  34   1        if(t>=10)
  35   1        {
  36   2          if(++str>9)
  37   2            str=0;
  38   2          t=0;
  39   2          Display();
  40   2        }
  41   1      }


MODULE INFORMATION:   STATIC OVERLAYABLE
   CODE SIZE        =     97    ----
   CONSTANT SIZE    =     16    ----
   XDATA SIZE       =   ----    ----
   PDATA SIZE       =   ----    ----
   DATA SIZE        =      2    ----
   IDATA SIZE       =   ----    ----
   BIT SIZE         =   ----    ----
END OF MODULE INFORMATION.


C51 COMPILATION COMPLETE.  0 WARNING(S),  0 ERROR(S)
