生成启动时间为 2022/3/13 18:05:47。
     1>项目“E:\C语言练习\数据结构作业1\数据结构作业1\数据结构作业1.vcxproj”在节点 2 上(build 个目标)。
     1>InitializeBuildStatus:
         正在创建“Debug\数据结构作业1.unsuccessfulbuild”，因为已指定“AlwaysCreate”。
       ClCompile:
         e:\C语言\VC\bin\CL.exe /c /ZI /nologo /W3 /WX- /Od /Oy- /D WIN32 /D _DEBUG /D _CONSOLE /D _UNICODE /D UNICODE /Gm /EHsc /RTC1 /MDd /GS /fp:precise /Zc:wchar_t /Zc:forScope /Fo"Debug\\" /Fd"Debug\vc100.pdb" /Gd /TP /analyze- /errorReport:prompt "数据结构作业1.cpp"
         数据结构作业1.cpp
     1>e:\c语言练习\数据结构作业1\数据结构作业1\数据结构作业1.cpp(24): warning C4996: 'fopen': This function or variable may be unsafe. Consider using fopen_s instead. To disable deprecation, use _CRT_SECURE_NO_WARNINGS. See online help for details.
                 e:\c语言\vc\include\stdio.h(234) : 参见“fopen”的声明
     1>e:\c语言练习\数据结构作业1\数据结构作业1\数据结构作业1.cpp(36): warning C4996: 'strcpy': This function or variable may be unsafe. Consider using strcpy_s instead. To disable deprecation, use _CRT_SECURE_NO_WARNINGS. See online help for details.
                 e:\c语言\vc\include\string.h(105) : 参见“strcpy”的声明
     1>e:\c语言练习\数据结构作业1\数据结构作业1\数据结构作业1.cpp(81): warning C4996: 'strcpy': This function or variable may be unsafe. Consider using strcpy_s instead. To disable deprecation, use _CRT_SECURE_NO_WARNINGS. See online help for details.
                 e:\c语言\vc\include\string.h(105) : 参见“strcpy”的声明
       ManifestResourceCompile:
         所有输出均为最新。
       Link:
         e:\C语言\VC\bin\link.exe /ERRORREPORT:PROMPT /OUT:"E:\C语言练习\数据结构作业1\Debug\数据结构作业1.exe" /INCREMENTAL /NOLOGO kernel32.lib user32.lib gdi32.lib winspool.lib comdlg32.lib advapi32.lib shell32.lib ole32.lib oleaut32.lib uuid.lib odbc32.lib odbccp32.lib /MANIFEST /ManifestFile:"Debug\数据结构作业1.exe.intermediate.manifest" /MANIFESTUAC:"level='asInvoker' uiAccess='false'" /DEBUG /PDB:"E:\C语言练习\数据结构作业1\Debug\数据结构作业1.pdb" /SUBSYSTEM:CONSOLE /TLBID:1 /DYNAMICBASE /NXCOMPAT /IMPLIB:"E:\C语言练习\数据结构作业1\Debug\数据结构作业1.lib" /MACHINE:X86 "Debug\数据结构作业1.exe.embed.manifest.res"
         "Debug\数据结构作业1.obj"
       Manifest:
         C:\Program Files (x86)\Microsoft SDKs\Windows\v7.0A\bin\mt.exe /nologo /verbose /out:"Debug\数据结构作业1.exe.embed.manifest" /manifest "Debug\数据结构作业1.exe.intermediate.manifest"
         所有输出均为最新。
       LinkEmbedManifest:
         所有输出均为最新。
         数据结构作业1.vcxproj -> E:\C语言练习\数据结构作业1\Debug\数据结构作业1.exe
       FinalizeBuildStatus:
         正在删除文件“Debug\数据结构作业1.unsuccessfulbuild”。
         正在对“Debug\数据结构作业1.lastbuildstate”执行 Touch 任务。
     1>已完成生成项目“E:\C语言练习\数据结构作业1\数据结构作业1\数据结构作业1.vcxproj”(build 个目标)的操作。

生成成功。

已用时间 00:00:00.54
