Flow report for FFT_qsim
Thu May 25 19:58:49 2023
Quartus II 64-Bit Version 13.0.0 Build 156 04/24/2013 SJ Full Version


---------------------
; Table of Contents ;
---------------------
  1. Legal Notice
  2. Flow Summary
  3. Flow Settings
  4. Flow Non-Default Global Settings
  5. Flow Elapsed Time
  6. Flow OS Summary
  7. Flow Log
  8. Flow Messages
  9. Flow Suppressed Messages



----------------
; Legal Notice ;
----------------
Copyright (C) 1991-2013 Altera Corporation
Your use of Altera Corporation's design tools, logic functions 
and other software and tools, and its AMPP partner logic 
functions, and any output files from any of the foregoing 
(including device programming or simulation files), and any 
associated documentation or information are expressly subject 
to the terms and conditions of the Altera Program License 
Subscription Agreement, Altera MegaCore Function License 
Agreement, or other applicable license agreement, including, 
without limitation, that your use is for the sole purpose of 
programming logic devices manufactured by Altera and sold by 
Altera or its authorized distributors.  Please refer to the 
applicable agreement for further details.



+----------------------------------------------------------------------------------+
; Flow Summary                                                                     ;
+------------------------------------+---------------------------------------------+
; Flow Status                        ; Successful - Thu May 25 19:58:49 2023       ;
; Quartus II 64-Bit Version          ; 13.0.0 Build 156 04/24/2013 SJ Full Version ;
; Revision Name                      ; FFT_qsim                                    ;
; Top-level Entity Name              ; FFT                                         ;
; Family                             ; Cyclone III                                 ;
; Total logic elements               ; 39 / 5,136 ( < 1 % )                        ;
;     Total combinational functions  ; 5 / 5,136 ( < 1 % )                         ;
;     Dedicated logic registers      ; 39 / 5,136 ( < 1 % )                        ;
; Total registers                    ; 39                                          ;
; Total pins                         ; 84 / 183 ( 46 % )                           ;
; Total virtual pins                 ; 0                                           ;
; Total memory bits                  ; 0 / 423,936 ( 0 % )                         ;
; Embedded Multiplier 9-bit elements ; 0 / 46 ( 0 % )                              ;
; Total PLLs                         ; 0 / 2 ( 0 % )                               ;
; Device                             ; EP3C5F256C8                                 ;
; Timing Models                      ; Final                                       ;
+------------------------------------+---------------------------------------------+


+-----------------------------------------+
; Flow Settings                           ;
+-------------------+---------------------+
; Option            ; Setting             ;
+-------------------+---------------------+
; Start date & time ; 05/25/2023 19:58:39 ;
; Main task         ; Compilation         ;
; Revision Name     ; FFT_qsim            ;
+-------------------+---------------------+


+-------------------------------------------------------------------------------------------------------------------------------------------+
; Flow Non-Default Global Settings                                                                                                          ;
+--------------------------------------+-----------------------------------------------------+---------------+-------------+----------------+
; Assignment Name                      ; Value                                               ; Default Value ; Entity Name ; Section Id     ;
+--------------------------------------+-----------------------------------------------------+---------------+-------------+----------------+
; COMPILER_SIGNATURE_ID                ; 255638736890430.168501591910312                     ; --            ; --          ; --             ;
; EDA_DESIGN_INSTANCE_NAME             ; NA                                                  ; --            ; --          ; FFT            ;
; EDA_GENERATE_FUNCTIONAL_NETLIST      ; On                                                  ; --            ; --          ; eda_simulation ;
; EDA_NATIVELINK_SIMULATION_TEST_BENCH ; FFT                                                 ; --            ; --          ; eda_simulation ;
; EDA_NETLIST_WRITER_OUTPUT_DIR        ; E:/Software_workspace/FPGA/FFT/par/simulation/qsim/ ; --            ; --          ; eda_simulation ;
; EDA_OUTPUT_DATA_FORMAT               ; Verilog Hdl                                         ; --            ; --          ; eda_simulation ;
; EDA_SIMULATION_TOOL                  ; ModelSim-Altera (Verilog)                           ; <None>        ; --          ; --             ;
; EDA_TEST_BENCH_FILE                  ; FFT.v                                               ; --            ; --          ; FFT            ;
; EDA_TEST_BENCH_MODULE_NAME           ; FFT                                                 ; --            ; --          ; FFT            ;
; EDA_TEST_BENCH_NAME                  ; FFT                                                 ; --            ; --          ; eda_simulation ;
; EDA_TEST_BENCH_RUN_SIM_FOR           ; 1 us                                                ; --            ; --          ; FFT            ;
; EDA_TIME_SCALE                       ; 1 ps                                                ; --            ; --          ; eda_simulation ;
; MAX_CORE_JUNCTION_TEMP               ; 85                                                  ; --            ; --          ; --             ;
; MIN_CORE_JUNCTION_TEMP               ; 0                                                   ; --            ; --          ; --             ;
; NOMINAL_CORE_SUPPLY_VOLTAGE          ; 1.2V                                                ; --            ; --          ; --             ;
; PARTITION_COLOR                      ; 16764057                                            ; --            ; FFT         ; Top            ;
; PARTITION_FITTER_PRESERVATION_LEVEL  ; PLACEMENT_AND_ROUTING                               ; --            ; FFT         ; Top            ;
; PARTITION_NETLIST_TYPE               ; SOURCE                                              ; --            ; FFT         ; Top            ;
; POWER_BOARD_THERMAL_MODEL            ; None (CONSERVATIVE)                                 ; --            ; --          ; --             ;
; POWER_PRESET_COOLING_SOLUTION        ; 23 MM HEAT SINK WITH 200 LFPM AIRFLOW               ; --            ; --          ; --             ;
; PROJECT_OUTPUT_DIRECTORY             ; output_files                                        ; --            ; --          ; --             ;
; TOP_LEVEL_ENTITY                     ; FFT                                                 ; FFT_qsim      ; --          ; --             ;
+--------------------------------------+-----------------------------------------------------+---------------+-------------+----------------+


+-------------------------------------------------------------------------------------------------------------------------------+
; Flow Elapsed Time                                                                                                             ;
+---------------------------+--------------+-------------------------+---------------------+------------------------------------+
; Module Name               ; Elapsed Time ; Average Processors Used ; Peak Virtual Memory ; Total CPU Time (on all processors) ;
+---------------------------+--------------+-------------------------+---------------------+------------------------------------+
; Analysis & Synthesis      ; 00:00:01     ; 1.0                     ; 4629 MB             ; 00:00:00                           ;
; Fitter                    ; 00:00:03     ; 1.0                     ; 5759 MB             ; 00:00:02                           ;
; Assembler                 ; 00:00:01     ; 1.0                     ; 4549 MB             ; 00:00:00                           ;
; TimeQuest Timing Analyzer ; 00:00:02     ; 1.0                     ; 4677 MB             ; 00:00:01                           ;
; EDA Netlist Writer        ; 00:00:00     ; 1.0                     ; 4509 MB             ; 00:00:00                           ;
; Total                     ; 00:00:07     ; --                      ; --                  ; 00:00:03                           ;
+---------------------------+--------------+-------------------------+---------------------+------------------------------------+


+----------------------------------------------------------------------------------------+
; Flow OS Summary                                                                        ;
+---------------------------+------------------+-----------+------------+----------------+
; Module Name               ; Machine Hostname ; OS Name   ; OS Version ; Processor type ;
+---------------------------+------------------+-----------+------------+----------------+
; Analysis & Synthesis      ; nannan           ; Windows 7 ; 6.2        ; x86_64         ;
; Fitter                    ; nannan           ; Windows 7 ; 6.2        ; x86_64         ;
; Assembler                 ; nannan           ; Windows 7 ; 6.2        ; x86_64         ;
; TimeQuest Timing Analyzer ; nannan           ; Windows 7 ; 6.2        ; x86_64         ;
; EDA Netlist Writer        ; nannan           ; Windows 7 ; 6.2        ; x86_64         ;
+---------------------------+------------------+-----------+------------+----------------+


------------
; Flow Log ;
------------
quartus_map --read_settings_files=on --write_settings_files=off FFT -c FFT_qsim
quartus_fit --read_settings_files=off --write_settings_files=off FFT -c FFT_qsim
quartus_asm --read_settings_files=off --write_settings_files=off FFT -c FFT_qsim
quartus_sta FFT -c FFT_qsim
quartus_eda --read_settings_files=off --write_settings_files=off FFT -c FFT_qsim



