Classic Timing Analyzer report for 8bit_compare
Fri Oct 28 14:39:18 2022
Quartus II Version 8.1 Build 163 10/28/2008 SJ Full Version


---------------------
; Table of Contents ;
---------------------
  1. Legal Notice
  2. Timing Analyzer Summary
  3. Timing Analyzer Settings
  4. Clock Settings Summary
  5. Clock Setup: 'clk'
  6. tsu
  7. tco
  8. th
  9. Timing Analyzer Messages



----------------
; Legal Notice ;
----------------
Copyright (C) 1991-2008 Altera Corporation
Your use of Altera Corporation's design tools, logic functions 
and other software and tools, and its AMPP partner logic 
functions, and any output files from any of the foregoing 
(including device programming or simulation files), and any 
associated documentation or information are expressly subject 
to the terms and conditions of the Altera Program License 
Subscription Agreement, Altera MegaCore Function License 
Agreement, or other applicable license agreement, including, 
without limitation, that your use is for the sole purpose of 
programming logic devices manufactured by Altera and sold by 
Altera or its authorized distributors.  Please refer to the 
applicable agreement for further details.



+------------------------------------------------------------------------------------------------------------------------------------------------------------------------------------------------------------------------------------------------+
; Timing Analyzer Summary                                                                                                                                                                                                                        ;
+------------------------------+-------+---------------+------------------------------------------------+------------------------------------------------+------------------------------------------------+------------+----------+--------------+
; Type                         ; Slack ; Required Time ; Actual Time                                    ; From                                           ; To                                             ; From Clock ; To Clock ; Failed Paths ;
+------------------------------+-------+---------------+------------------------------------------------+------------------------------------------------+------------------------------------------------+------------+----------+--------------+
; Worst-case tsu               ; N/A   ; None          ; 3.773 ns                                       ; En                                             ; lpm_dff0:inst4|lpm_ff:lpm_ff_component|dffs[7] ; --         ; clk      ; 0            ;
; Worst-case tco               ; N/A   ; None          ; 17.889 ns                                      ; lpm_dff0:inst9|lpm_ff:lpm_ff_component|dffs[7] ; Max[6]                                         ; clk        ; --       ; 0            ;
; Worst-case th                ; N/A   ; None          ; -2.550 ns                                      ; Data[6]                                        ; lpm_dff0:inst4|lpm_ff:lpm_ff_component|dffs[6] ; --         ; clk      ; 0            ;
; Clock Setup: 'clk'           ; N/A   ; None          ; Restricted to 500.00 MHz ( period = 2.000 ns ) ; lpm_dff0:inst4|lpm_ff:lpm_ff_component|dffs[0] ; lpm_dff0:inst5|lpm_ff:lpm_ff_component|dffs[0] ; clk        ; clk      ; 0            ;
; Total number of failed paths ;       ;               ;                                                ;                                                ;                                                ;            ;          ; 0            ;
+------------------------------+-------+---------------+------------------------------------------------+------------------------------------------------+------------------------------------------------+------------+----------+--------------+


+--------------------------------------------------------------------------------------------------------------------+
; Timing Analyzer Settings                                                                                           ;
+---------------------------------------------------------------------+--------------------+------+----+-------------+
; Option                                                              ; Setting            ; From ; To ; Entity Name ;
+---------------------------------------------------------------------+--------------------+------+----+-------------+
; Device Name                                                         ; EP2S15F484C3       ;      ;    ;             ;
; Timing Models                                                       ; Final              ;      ;    ;             ;
; Default hold multicycle                                             ; Same as Multicycle ;      ;    ;             ;
; Cut paths between unrelated clock domains                           ; On                 ;      ;    ;             ;
; Cut off read during write signal paths                              ; On                 ;      ;    ;             ;
; Cut off feedback from I/O pins                                      ; On                 ;      ;    ;             ;
; Report Combined Fast/Slow Timing                                    ; Off                ;      ;    ;             ;
; Ignore Clock Settings                                               ; Off                ;      ;    ;             ;
; Analyze latches as synchronous elements                             ; On                 ;      ;    ;             ;
; Enable Recovery/Removal analysis                                    ; Off                ;      ;    ;             ;
; Enable Clock Latency                                                ; Off                ;      ;    ;             ;
; Use TimeQuest Timing Analyzer                                       ; Off                ;      ;    ;             ;
; Number of source nodes to report per destination node               ; 10                 ;      ;    ;             ;
; Number of destination nodes to report                               ; 10                 ;      ;    ;             ;
; Number of paths to report                                           ; 200                ;      ;    ;             ;
; Report Minimum Timing Checks                                        ; Off                ;      ;    ;             ;
; Use Fast Timing Models                                              ; Off                ;      ;    ;             ;
; Report IO Paths Separately                                          ; Off                ;      ;    ;             ;
; Perform Multicorner Analysis                                        ; On                 ;      ;    ;             ;
; Reports the worst-case path for each clock domain and analysis      ; Off                ;      ;    ;             ;
; Removes common clock path pessimism (CCPP) during slack computation ; Off                ;      ;    ;             ;
; Output I/O Timing Endpoint                                          ; Near End           ;      ;    ;             ;
+---------------------------------------------------------------------+--------------------+------+----+-------------+


+------------------------------------------------------------------------------------------------------------------------------------------------------------------------------------+
; Clock Settings Summary                                                                                                                                                             ;
+-----------------+--------------------+----------+------------------+---------------+--------------+----------+-----------------------+---------------------+--------+--------------+
; Clock Node Name ; Clock Setting Name ; Type     ; Fmax Requirement ; Early Latency ; Late Latency ; Based on ; Multiply Base Fmax by ; Divide Base Fmax by ; Offset ; Phase offset ;
+-----------------+--------------------+----------+------------------+---------------+--------------+----------+-----------------------+---------------------+--------+--------------+
; clk             ;                    ; User Pin ; None             ; 0.000 ns      ; 0.000 ns     ; --       ; N/A                   ; N/A                 ; N/A    ;              ;
+-----------------+--------------------+----------+------------------+---------------+--------------+----------+-----------------------+---------------------+--------+--------------+


+------------------------------------------------------------------------------------------------------------------------------------------------------------------------------------------------------------------------------------------------------------------------+
; Clock Setup: 'clk'                                                                                                                                                                                                                                                     ;
+-------+------------------------------------------------+-------------------------------------------------+-------------------------------------------------+------------+----------+-----------------------------+---------------------------+-------------------------+
; Slack ; Actual fmax (period)                           ; From                                            ; To                                              ; From Clock ; To Clock ; Required Setup Relationship ; Required Longest P2P Time ; Actual Longest P2P Time ;
+-------+------------------------------------------------+-------------------------------------------------+-------------------------------------------------+------------+----------+-----------------------------+---------------------------+-------------------------+
; N/A   ; Restricted to 500.00 MHz ( period = 2.000 ns ) ; lpm_dff0:inst4|lpm_ff:lpm_ff_component|dffs[0]  ; lpm_dff0:inst5|lpm_ff:lpm_ff_component|dffs[0]  ; clk        ; clk      ; None                        ; None                      ; 1.075 ns                ;
; N/A   ; Restricted to 500.00 MHz ( period = 2.000 ns ) ; lpm_dff0:inst6|lpm_ff:lpm_ff_component|dffs[2]  ; lpm_dff0:inst7|lpm_ff:lpm_ff_component|dffs[2]  ; clk        ; clk      ; None                        ; None                      ; 0.907 ns                ;
; N/A   ; Restricted to 500.00 MHz ( period = 2.000 ns ) ; lpm_dff0:inst7|lpm_ff:lpm_ff_component|dffs[5]  ; lpm_dff0:inst8|lpm_ff:lpm_ff_component|dffs[5]  ; clk        ; clk      ; None                        ; None                      ; 0.898 ns                ;
; N/A   ; Restricted to 500.00 MHz ( period = 2.000 ns ) ; lpm_dff0:inst4|lpm_ff:lpm_ff_component|dffs[5]  ; lpm_dff0:inst5|lpm_ff:lpm_ff_component|dffs[5]  ; clk        ; clk      ; None                        ; None                      ; 0.893 ns                ;
; N/A   ; Restricted to 500.00 MHz ( period = 2.000 ns ) ; lpm_dff0:inst5|lpm_ff:lpm_ff_component|dffs[5]  ; lpm_dff0:inst6|lpm_ff:lpm_ff_component|dffs[5]  ; clk        ; clk      ; None                        ; None                      ; 0.882 ns                ;
; N/A   ; Restricted to 500.00 MHz ( period = 2.000 ns ) ; lpm_dff0:inst6|lpm_ff:lpm_ff_component|dffs[6]  ; lpm_dff0:inst7|lpm_ff:lpm_ff_component|dffs[6]  ; clk        ; clk      ; None                        ; None                      ; 0.885 ns                ;
; N/A   ; Restricted to 500.00 MHz ( period = 2.000 ns ) ; lpm_dff0:inst7|lpm_ff:lpm_ff_component|dffs[2]  ; lpm_dff0:inst8|lpm_ff:lpm_ff_component|dffs[2]  ; clk        ; clk      ; None                        ; None                      ; 0.865 ns                ;
; N/A   ; Restricted to 500.00 MHz ( period = 2.000 ns ) ; lpm_dff0:inst6|lpm_ff:lpm_ff_component|dffs[5]  ; lpm_dff0:inst7|lpm_ff:lpm_ff_component|dffs[5]  ; clk        ; clk      ; None                        ; None                      ; 0.868 ns                ;
; N/A   ; Restricted to 500.00 MHz ( period = 2.000 ns ) ; lpm_dff0:inst7|lpm_ff:lpm_ff_component|dffs[6]  ; lpm_dff0:inst8|lpm_ff:lpm_ff_component|dffs[6]  ; clk        ; clk      ; None                        ; None                      ; 0.859 ns                ;
; N/A   ; Restricted to 500.00 MHz ( period = 2.000 ns ) ; lpm_dff0:inst5|lpm_ff:lpm_ff_component|dffs[6]  ; lpm_dff0:inst6|lpm_ff:lpm_ff_component|dffs[6]  ; clk        ; clk      ; None                        ; None                      ; 0.847 ns                ;
; N/A   ; Restricted to 500.00 MHz ( period = 2.000 ns ) ; lpm_dff0:inst4|lpm_ff:lpm_ff_component|dffs[6]  ; lpm_dff0:inst5|lpm_ff:lpm_ff_component|dffs[6]  ; clk        ; clk      ; None                        ; None                      ; 0.855 ns                ;
; N/A   ; Restricted to 500.00 MHz ( period = 2.000 ns ) ; lpm_dff0:inst6|lpm_ff:lpm_ff_component|dffs[0]  ; lpm_dff0:inst7|lpm_ff:lpm_ff_component|dffs[0]  ; clk        ; clk      ; None                        ; None                      ; 0.848 ns                ;
; N/A   ; Restricted to 500.00 MHz ( period = 2.000 ns ) ; lpm_dff0:inst10|lpm_ff:lpm_ff_component|dffs[3] ; lpm_dff0:inst11|lpm_ff:lpm_ff_component|dffs[3] ; clk        ; clk      ; None                        ; None                      ; 0.830 ns                ;
; N/A   ; Restricted to 500.00 MHz ( period = 2.000 ns ) ; lpm_dff0:inst8|lpm_ff:lpm_ff_component|dffs[3]  ; lpm_dff0:inst9|lpm_ff:lpm_ff_component|dffs[3]  ; clk        ; clk      ; None                        ; None                      ; 0.829 ns                ;
; N/A   ; Restricted to 500.00 MHz ( period = 2.000 ns ) ; lpm_dff0:inst5|lpm_ff:lpm_ff_component|dffs[0]  ; lpm_dff0:inst6|lpm_ff:lpm_ff_component|dffs[0]  ; clk        ; clk      ; None                        ; None                      ; 0.825 ns                ;
; N/A   ; Restricted to 500.00 MHz ( period = 2.000 ns ) ; lpm_dff0:inst9|lpm_ff:lpm_ff_component|dffs[3]  ; lpm_dff0:inst10|lpm_ff:lpm_ff_component|dffs[3] ; clk        ; clk      ; None                        ; None                      ; 0.818 ns                ;
; N/A   ; Restricted to 500.00 MHz ( period = 2.000 ns ) ; lpm_dff0:inst9|lpm_ff:lpm_ff_component|dffs[6]  ; lpm_dff0:inst10|lpm_ff:lpm_ff_component|dffs[6] ; clk        ; clk      ; None                        ; None                      ; 0.798 ns                ;
; N/A   ; Restricted to 500.00 MHz ( period = 2.000 ns ) ; lpm_dff0:inst10|lpm_ff:lpm_ff_component|dffs[6] ; lpm_dff0:inst11|lpm_ff:lpm_ff_component|dffs[6] ; clk        ; clk      ; None                        ; None                      ; 0.798 ns                ;
; N/A   ; Restricted to 500.00 MHz ( period = 2.000 ns ) ; lpm_dff0:inst10|lpm_ff:lpm_ff_component|dffs[5] ; lpm_dff0:inst11|lpm_ff:lpm_ff_component|dffs[5] ; clk        ; clk      ; None                        ; None                      ; 0.795 ns                ;
; N/A   ; Restricted to 500.00 MHz ( period = 2.000 ns ) ; lpm_dff0:inst8|lpm_ff:lpm_ff_component|dffs[6]  ; lpm_dff0:inst9|lpm_ff:lpm_ff_component|dffs[6]  ; clk        ; clk      ; None                        ; None                      ; 0.795 ns                ;
; N/A   ; Restricted to 500.00 MHz ( period = 2.000 ns ) ; lpm_dff0:inst9|lpm_ff:lpm_ff_component|dffs[5]  ; lpm_dff0:inst10|lpm_ff:lpm_ff_component|dffs[5] ; clk        ; clk      ; None                        ; None                      ; 0.788 ns                ;
; N/A   ; Restricted to 500.00 MHz ( period = 2.000 ns ) ; lpm_dff0:inst8|lpm_ff:lpm_ff_component|dffs[5]  ; lpm_dff0:inst9|lpm_ff:lpm_ff_component|dffs[5]  ; clk        ; clk      ; None                        ; None                      ; 0.791 ns                ;
; N/A   ; Restricted to 500.00 MHz ( period = 2.000 ns ) ; lpm_dff0:inst5|lpm_ff:lpm_ff_component|dffs[3]  ; lpm_dff0:inst6|lpm_ff:lpm_ff_component|dffs[3]  ; clk        ; clk      ; None                        ; None                      ; 0.794 ns                ;
; N/A   ; Restricted to 500.00 MHz ( period = 2.000 ns ) ; lpm_dff0:inst9|lpm_ff:lpm_ff_component|dffs[2]  ; lpm_dff0:inst10|lpm_ff:lpm_ff_component|dffs[2] ; clk        ; clk      ; None                        ; None                      ; 0.790 ns                ;
; N/A   ; Restricted to 500.00 MHz ( period = 2.000 ns ) ; lpm_dff0:inst8|lpm_ff:lpm_ff_component|dffs[2]  ; lpm_dff0:inst9|lpm_ff:lpm_ff_component|dffs[2]  ; clk        ; clk      ; None                        ; None                      ; 0.628 ns                ;
; N/A   ; Restricted to 500.00 MHz ( period = 2.000 ns ) ; lpm_dff0:inst5|lpm_ff:lpm_ff_component|dffs[2]  ; lpm_dff0:inst6|lpm_ff:lpm_ff_component|dffs[2]  ; clk        ; clk      ; None                        ; None                      ; 0.632 ns                ;
; N/A   ; Restricted to 500.00 MHz ( period = 2.000 ns ) ; lpm_dff0:inst8|lpm_ff:lpm_ff_component|dffs[0]  ; lpm_dff0:inst9|lpm_ff:lpm_ff_component|dffs[0]  ; clk        ; clk      ; None                        ; None                      ; 0.625 ns                ;
; N/A   ; Restricted to 500.00 MHz ( period = 2.000 ns ) ; lpm_dff0:inst4|lpm_ff:lpm_ff_component|dffs[2]  ; lpm_dff0:inst5|lpm_ff:lpm_ff_component|dffs[2]  ; clk        ; clk      ; None                        ; None                      ; 0.621 ns                ;
; N/A   ; Restricted to 500.00 MHz ( period = 2.000 ns ) ; lpm_dff0:inst7|lpm_ff:lpm_ff_component|dffs[0]  ; lpm_dff0:inst8|lpm_ff:lpm_ff_component|dffs[0]  ; clk        ; clk      ; None                        ; None                      ; 0.619 ns                ;
; N/A   ; Restricted to 500.00 MHz ( period = 2.000 ns ) ; lpm_dff0:inst8|lpm_ff:lpm_ff_component|dffs[1]  ; lpm_dff0:inst9|lpm_ff:lpm_ff_component|dffs[1]  ; clk        ; clk      ; None                        ; None                      ; 0.620 ns                ;
; N/A   ; Restricted to 500.00 MHz ( period = 2.000 ns ) ; lpm_dff0:inst9|lpm_ff:lpm_ff_component|dffs[0]  ; lpm_dff0:inst10|lpm_ff:lpm_ff_component|dffs[0] ; clk        ; clk      ; None                        ; None                      ; 0.617 ns                ;
; N/A   ; Restricted to 500.00 MHz ( period = 2.000 ns ) ; lpm_dff0:inst7|lpm_ff:lpm_ff_component|dffs[3]  ; lpm_dff0:inst8|lpm_ff:lpm_ff_component|dffs[3]  ; clk        ; clk      ; None                        ; None                      ; 0.619 ns                ;
; N/A   ; Restricted to 500.00 MHz ( period = 2.000 ns ) ; lpm_dff0:inst6|lpm_ff:lpm_ff_component|dffs[3]  ; lpm_dff0:inst7|lpm_ff:lpm_ff_component|dffs[3]  ; clk        ; clk      ; None                        ; None                      ; 0.617 ns                ;
; N/A   ; Restricted to 500.00 MHz ( period = 2.000 ns ) ; lpm_dff0:inst4|lpm_ff:lpm_ff_component|dffs[3]  ; lpm_dff0:inst5|lpm_ff:lpm_ff_component|dffs[3]  ; clk        ; clk      ; None                        ; None                      ; 0.617 ns                ;
; N/A   ; Restricted to 500.00 MHz ( period = 2.000 ns ) ; lpm_dff0:inst10|lpm_ff:lpm_ff_component|dffs[0] ; lpm_dff0:inst11|lpm_ff:lpm_ff_component|dffs[0] ; clk        ; clk      ; None                        ; None                      ; 0.550 ns                ;
; N/A   ; Restricted to 500.00 MHz ( period = 2.000 ns ) ; lpm_dff0:inst10|lpm_ff:lpm_ff_component|dffs[1] ; lpm_dff0:inst11|lpm_ff:lpm_ff_component|dffs[1] ; clk        ; clk      ; None                        ; None                      ; 0.548 ns                ;
; N/A   ; Restricted to 500.00 MHz ( period = 2.000 ns ) ; lpm_dff0:inst4|lpm_ff:lpm_ff_component|dffs[4]  ; lpm_dff0:inst5|lpm_ff:lpm_ff_component|dffs[4]  ; clk        ; clk      ; None                        ; None                      ; 0.547 ns                ;
; N/A   ; Restricted to 500.00 MHz ( period = 2.000 ns ) ; lpm_dff0:inst8|lpm_ff:lpm_ff_component|dffs[4]  ; lpm_dff0:inst9|lpm_ff:lpm_ff_component|dffs[4]  ; clk        ; clk      ; None                        ; None                      ; 0.545 ns                ;
; N/A   ; Restricted to 500.00 MHz ( period = 2.000 ns ) ; lpm_dff0:inst9|lpm_ff:lpm_ff_component|dffs[4]  ; lpm_dff0:inst10|lpm_ff:lpm_ff_component|dffs[4] ; clk        ; clk      ; None                        ; None                      ; 0.541 ns                ;
; N/A   ; Restricted to 500.00 MHz ( period = 2.000 ns ) ; lpm_dff0:inst7|lpm_ff:lpm_ff_component|dffs[4]  ; lpm_dff0:inst8|lpm_ff:lpm_ff_component|dffs[4]  ; clk        ; clk      ; None                        ; None                      ; 0.539 ns                ;
; N/A   ; Restricted to 500.00 MHz ( period = 2.000 ns ) ; lpm_dff0:inst10|lpm_ff:lpm_ff_component|dffs[4] ; lpm_dff0:inst11|lpm_ff:lpm_ff_component|dffs[4] ; clk        ; clk      ; None                        ; None                      ; 0.537 ns                ;
; N/A   ; Restricted to 500.00 MHz ( period = 2.000 ns ) ; lpm_dff0:inst6|lpm_ff:lpm_ff_component|dffs[4]  ; lpm_dff0:inst7|lpm_ff:lpm_ff_component|dffs[4]  ; clk        ; clk      ; None                        ; None                      ; 0.537 ns                ;
; N/A   ; Restricted to 500.00 MHz ( period = 2.000 ns ) ; lpm_dff0:inst4|lpm_ff:lpm_ff_component|dffs[7]  ; lpm_dff0:inst5|lpm_ff:lpm_ff_component|dffs[7]  ; clk        ; clk      ; None                        ; None                      ; 0.537 ns                ;
; N/A   ; Restricted to 500.00 MHz ( period = 2.000 ns ) ; lpm_dff0:inst5|lpm_ff:lpm_ff_component|dffs[7]  ; lpm_dff0:inst6|lpm_ff:lpm_ff_component|dffs[7]  ; clk        ; clk      ; None                        ; None                      ; 0.533 ns                ;
; N/A   ; Restricted to 500.00 MHz ( period = 2.000 ns ) ; lpm_dff0:inst7|lpm_ff:lpm_ff_component|dffs[1]  ; lpm_dff0:inst8|lpm_ff:lpm_ff_component|dffs[1]  ; clk        ; clk      ; None                        ; None                      ; 0.532 ns                ;
; N/A   ; Restricted to 500.00 MHz ( period = 2.000 ns ) ; lpm_dff0:inst5|lpm_ff:lpm_ff_component|dffs[4]  ; lpm_dff0:inst6|lpm_ff:lpm_ff_component|dffs[4]  ; clk        ; clk      ; None                        ; None                      ; 0.532 ns                ;
; N/A   ; Restricted to 500.00 MHz ( period = 2.000 ns ) ; lpm_dff0:inst10|lpm_ff:lpm_ff_component|dffs[2] ; lpm_dff0:inst11|lpm_ff:lpm_ff_component|dffs[2] ; clk        ; clk      ; None                        ; None                      ; 0.531 ns                ;
; N/A   ; Restricted to 500.00 MHz ( period = 2.000 ns ) ; lpm_dff0:inst7|lpm_ff:lpm_ff_component|dffs[7]  ; lpm_dff0:inst8|lpm_ff:lpm_ff_component|dffs[7]  ; clk        ; clk      ; None                        ; None                      ; 0.530 ns                ;
; N/A   ; Restricted to 500.00 MHz ( period = 2.000 ns ) ; lpm_dff0:inst9|lpm_ff:lpm_ff_component|dffs[7]  ; lpm_dff0:inst10|lpm_ff:lpm_ff_component|dffs[7] ; clk        ; clk      ; None                        ; None                      ; 0.528 ns                ;
; N/A   ; Restricted to 500.00 MHz ( period = 2.000 ns ) ; lpm_dff0:inst6|lpm_ff:lpm_ff_component|dffs[7]  ; lpm_dff0:inst7|lpm_ff:lpm_ff_component|dffs[7]  ; clk        ; clk      ; None                        ; None                      ; 0.528 ns                ;
; N/A   ; Restricted to 500.00 MHz ( period = 2.000 ns ) ; lpm_dff0:inst6|lpm_ff:lpm_ff_component|dffs[1]  ; lpm_dff0:inst7|lpm_ff:lpm_ff_component|dffs[1]  ; clk        ; clk      ; None                        ; None                      ; 0.527 ns                ;
; N/A   ; Restricted to 500.00 MHz ( period = 2.000 ns ) ; lpm_dff0:inst10|lpm_ff:lpm_ff_component|dffs[7] ; lpm_dff0:inst11|lpm_ff:lpm_ff_component|dffs[7] ; clk        ; clk      ; None                        ; None                      ; 0.526 ns                ;
; N/A   ; Restricted to 500.00 MHz ( period = 2.000 ns ) ; lpm_dff0:inst8|lpm_ff:lpm_ff_component|dffs[7]  ; lpm_dff0:inst9|lpm_ff:lpm_ff_component|dffs[7]  ; clk        ; clk      ; None                        ; None                      ; 0.524 ns                ;
; N/A   ; Restricted to 500.00 MHz ( period = 2.000 ns ) ; lpm_dff0:inst9|lpm_ff:lpm_ff_component|dffs[1]  ; lpm_dff0:inst10|lpm_ff:lpm_ff_component|dffs[1] ; clk        ; clk      ; None                        ; None                      ; 0.521 ns                ;
; N/A   ; Restricted to 500.00 MHz ( period = 2.000 ns ) ; lpm_dff0:inst5|lpm_ff:lpm_ff_component|dffs[1]  ; lpm_dff0:inst6|lpm_ff:lpm_ff_component|dffs[1]  ; clk        ; clk      ; None                        ; None                      ; 0.521 ns                ;
; N/A   ; Restricted to 500.00 MHz ( period = 2.000 ns ) ; lpm_dff0:inst4|lpm_ff:lpm_ff_component|dffs[1]  ; lpm_dff0:inst5|lpm_ff:lpm_ff_component|dffs[1]  ; clk        ; clk      ; None                        ; None                      ; 0.519 ns                ;
+-------+------------------------------------------------+-------------------------------------------------+-------------------------------------------------+------------+----------+-----------------------------+---------------------------+-------------------------+


+----------------------------------------------------------------------------------------------------------+
; tsu                                                                                                      ;
+-------+--------------+------------+---------+-------------------------------------------------+----------+
; Slack ; Required tsu ; Actual tsu ; From    ; To                                              ; To Clock ;
+-------+--------------+------------+---------+-------------------------------------------------+----------+
; N/A   ; None         ; 3.773 ns   ; En      ; lpm_dff0:inst10|lpm_ff:lpm_ff_component|dffs[5] ; clk      ;
; N/A   ; None         ; 3.773 ns   ; En      ; lpm_dff0:inst10|lpm_ff:lpm_ff_component|dffs[7] ; clk      ;
; N/A   ; None         ; 3.773 ns   ; En      ; lpm_dff0:inst11|lpm_ff:lpm_ff_component|dffs[7] ; clk      ;
; N/A   ; None         ; 3.773 ns   ; En      ; lpm_dff0:inst10|lpm_ff:lpm_ff_component|dffs[6] ; clk      ;
; N/A   ; None         ; 3.773 ns   ; En      ; lpm_dff0:inst8|lpm_ff:lpm_ff_component|dffs[6]  ; clk      ;
; N/A   ; None         ; 3.773 ns   ; En      ; lpm_dff0:inst9|lpm_ff:lpm_ff_component|dffs[7]  ; clk      ;
; N/A   ; None         ; 3.773 ns   ; En      ; lpm_dff0:inst8|lpm_ff:lpm_ff_component|dffs[5]  ; clk      ;
; N/A   ; None         ; 3.773 ns   ; En      ; lpm_dff0:inst8|lpm_ff:lpm_ff_component|dffs[7]  ; clk      ;
; N/A   ; None         ; 3.773 ns   ; En      ; lpm_dff0:inst7|lpm_ff:lpm_ff_component|dffs[7]  ; clk      ;
; N/A   ; None         ; 3.773 ns   ; En      ; lpm_dff0:inst6|lpm_ff:lpm_ff_component|dffs[6]  ; clk      ;
; N/A   ; None         ; 3.773 ns   ; En      ; lpm_dff0:inst6|lpm_ff:lpm_ff_component|dffs[5]  ; clk      ;
; N/A   ; None         ; 3.773 ns   ; En      ; lpm_dff0:inst6|lpm_ff:lpm_ff_component|dffs[7]  ; clk      ;
; N/A   ; None         ; 3.773 ns   ; En      ; lpm_dff0:inst5|lpm_ff:lpm_ff_component|dffs[7]  ; clk      ;
; N/A   ; None         ; 3.773 ns   ; En      ; lpm_dff0:inst4|lpm_ff:lpm_ff_component|dffs[6]  ; clk      ;
; N/A   ; None         ; 3.773 ns   ; En      ; lpm_dff0:inst4|lpm_ff:lpm_ff_component|dffs[5]  ; clk      ;
; N/A   ; None         ; 3.773 ns   ; En      ; lpm_dff0:inst4|lpm_ff:lpm_ff_component|dffs[7]  ; clk      ;
; N/A   ; None         ; 3.729 ns   ; En      ; lpm_dff0:inst7|lpm_ff:lpm_ff_component|dffs[2]  ; clk      ;
; N/A   ; None         ; 3.715 ns   ; En      ; lpm_dff0:inst11|lpm_ff:lpm_ff_component|dffs[0] ; clk      ;
; N/A   ; None         ; 3.715 ns   ; En      ; lpm_dff0:inst10|lpm_ff:lpm_ff_component|dffs[0] ; clk      ;
; N/A   ; None         ; 3.715 ns   ; En      ; lpm_dff0:inst10|lpm_ff:lpm_ff_component|dffs[1] ; clk      ;
; N/A   ; None         ; 3.715 ns   ; En      ; lpm_dff0:inst11|lpm_ff:lpm_ff_component|dffs[1] ; clk      ;
; N/A   ; None         ; 3.715 ns   ; En      ; lpm_dff0:inst9|lpm_ff:lpm_ff_component|dffs[1]  ; clk      ;
; N/A   ; None         ; 3.715 ns   ; En      ; lpm_dff0:inst8|lpm_ff:lpm_ff_component|dffs[1]  ; clk      ;
; N/A   ; None         ; 3.715 ns   ; En      ; lpm_dff0:inst8|lpm_ff:lpm_ff_component|dffs[0]  ; clk      ;
; N/A   ; None         ; 3.715 ns   ; En      ; lpm_dff0:inst7|lpm_ff:lpm_ff_component|dffs[1]  ; clk      ;
; N/A   ; None         ; 3.715 ns   ; En      ; lpm_dff0:inst6|lpm_ff:lpm_ff_component|dffs[1]  ; clk      ;
; N/A   ; None         ; 3.715 ns   ; En      ; lpm_dff0:inst5|lpm_ff:lpm_ff_component|dffs[1]  ; clk      ;
; N/A   ; None         ; 3.715 ns   ; En      ; lpm_dff0:inst5|lpm_ff:lpm_ff_component|dffs[0]  ; clk      ;
; N/A   ; None         ; 3.715 ns   ; En      ; lpm_dff0:inst4|lpm_ff:lpm_ff_component|dffs[1]  ; clk      ;
; N/A   ; None         ; 3.715 ns   ; En      ; lpm_dff0:inst4|lpm_ff:lpm_ff_component|dffs[0]  ; clk      ;
; N/A   ; None         ; 3.685 ns   ; En      ; lpm_dff0:inst8|lpm_ff:lpm_ff_component|dffs[2]  ; clk      ;
; N/A   ; None         ; 3.685 ns   ; En      ; lpm_dff0:inst6|lpm_ff:lpm_ff_component|dffs[0]  ; clk      ;
; N/A   ; None         ; 3.685 ns   ; En      ; lpm_dff0:inst6|lpm_ff:lpm_ff_component|dffs[2]  ; clk      ;
; N/A   ; None         ; 3.685 ns   ; En      ; lpm_dff0:inst5|lpm_ff:lpm_ff_component|dffs[6]  ; clk      ;
; N/A   ; None         ; 3.685 ns   ; En      ; lpm_dff0:inst5|lpm_ff:lpm_ff_component|dffs[5]  ; clk      ;
; N/A   ; None         ; 3.685 ns   ; En      ; lpm_dff0:inst4|lpm_ff:lpm_ff_component|dffs[2]  ; clk      ;
; N/A   ; None         ; 3.543 ns   ; En      ; lpm_dff0:inst11|lpm_ff:lpm_ff_component|dffs[5] ; clk      ;
; N/A   ; None         ; 3.543 ns   ; En      ; lpm_dff0:inst11|lpm_ff:lpm_ff_component|dffs[6] ; clk      ;
; N/A   ; None         ; 3.543 ns   ; En      ; lpm_dff0:inst9|lpm_ff:lpm_ff_component|dffs[6]  ; clk      ;
; N/A   ; None         ; 3.543 ns   ; En      ; lpm_dff0:inst9|lpm_ff:lpm_ff_component|dffs[5]  ; clk      ;
; N/A   ; None         ; 3.512 ns   ; En      ; lpm_dff0:inst9|lpm_ff:lpm_ff_component|dffs[0]  ; clk      ;
; N/A   ; None         ; 3.512 ns   ; En      ; lpm_dff0:inst7|lpm_ff:lpm_ff_component|dffs[0]  ; clk      ;
; N/A   ; None         ; 3.512 ns   ; En      ; lpm_dff0:inst9|lpm_ff:lpm_ff_component|dffs[2]  ; clk      ;
; N/A   ; None         ; 3.512 ns   ; En      ; lpm_dff0:inst7|lpm_ff:lpm_ff_component|dffs[6]  ; clk      ;
; N/A   ; None         ; 3.512 ns   ; En      ; lpm_dff0:inst7|lpm_ff:lpm_ff_component|dffs[5]  ; clk      ;
; N/A   ; None         ; 3.512 ns   ; En      ; lpm_dff0:inst5|lpm_ff:lpm_ff_component|dffs[2]  ; clk      ;
; N/A   ; None         ; 3.512 ns   ; En      ; lpm_dff0:inst5|lpm_ff:lpm_ff_component|dffs[3]  ; clk      ;
; N/A   ; None         ; 3.512 ns   ; En      ; lpm_dff0:inst4|lpm_ff:lpm_ff_component|dffs[3]  ; clk      ;
; N/A   ; None         ; 3.457 ns   ; Data[7] ; lpm_dff0:inst4|lpm_ff:lpm_ff_component|dffs[7]  ; clk      ;
; N/A   ; None         ; 3.383 ns   ; Data[1] ; lpm_dff0:inst4|lpm_ff:lpm_ff_component|dffs[1]  ; clk      ;
; N/A   ; None         ; 3.255 ns   ; En      ; lpm_dff0:inst11|lpm_ff:lpm_ff_component|dffs[4] ; clk      ;
; N/A   ; None         ; 3.255 ns   ; En      ; lpm_dff0:inst10|lpm_ff:lpm_ff_component|dffs[4] ; clk      ;
; N/A   ; None         ; 3.255 ns   ; En      ; lpm_dff0:inst9|lpm_ff:lpm_ff_component|dffs[4]  ; clk      ;
; N/A   ; None         ; 3.255 ns   ; En      ; lpm_dff0:inst8|lpm_ff:lpm_ff_component|dffs[4]  ; clk      ;
; N/A   ; None         ; 3.255 ns   ; En      ; lpm_dff0:inst11|lpm_ff:lpm_ff_component|dffs[2] ; clk      ;
; N/A   ; None         ; 3.255 ns   ; En      ; lpm_dff0:inst10|lpm_ff:lpm_ff_component|dffs[3] ; clk      ;
; N/A   ; None         ; 3.255 ns   ; En      ; lpm_dff0:inst11|lpm_ff:lpm_ff_component|dffs[3] ; clk      ;
; N/A   ; None         ; 3.255 ns   ; En      ; lpm_dff0:inst10|lpm_ff:lpm_ff_component|dffs[2] ; clk      ;
; N/A   ; None         ; 3.255 ns   ; En      ; lpm_dff0:inst9|lpm_ff:lpm_ff_component|dffs[3]  ; clk      ;
; N/A   ; None         ; 3.255 ns   ; En      ; lpm_dff0:inst8|lpm_ff:lpm_ff_component|dffs[3]  ; clk      ;
; N/A   ; None         ; 3.255 ns   ; En      ; lpm_dff0:inst7|lpm_ff:lpm_ff_component|dffs[4]  ; clk      ;
; N/A   ; None         ; 3.255 ns   ; En      ; lpm_dff0:inst7|lpm_ff:lpm_ff_component|dffs[3]  ; clk      ;
; N/A   ; None         ; 3.255 ns   ; En      ; lpm_dff0:inst6|lpm_ff:lpm_ff_component|dffs[4]  ; clk      ;
; N/A   ; None         ; 3.255 ns   ; En      ; lpm_dff0:inst6|lpm_ff:lpm_ff_component|dffs[3]  ; clk      ;
; N/A   ; None         ; 3.255 ns   ; En      ; lpm_dff0:inst5|lpm_ff:lpm_ff_component|dffs[4]  ; clk      ;
; N/A   ; None         ; 3.255 ns   ; En      ; lpm_dff0:inst4|lpm_ff:lpm_ff_component|dffs[4]  ; clk      ;
; N/A   ; None         ; 3.157 ns   ; Data[0] ; lpm_dff0:inst4|lpm_ff:lpm_ff_component|dffs[0]  ; clk      ;
; N/A   ; None         ; 3.129 ns   ; Data[4] ; lpm_dff0:inst4|lpm_ff:lpm_ff_component|dffs[4]  ; clk      ;
; N/A   ; None         ; 3.111 ns   ; Data[5] ; lpm_dff0:inst4|lpm_ff:lpm_ff_component|dffs[5]  ; clk      ;
; N/A   ; None         ; 2.943 ns   ; Data[2] ; lpm_dff0:inst4|lpm_ff:lpm_ff_component|dffs[2]  ; clk      ;
; N/A   ; None         ; 2.889 ns   ; Data[3] ; lpm_dff0:inst4|lpm_ff:lpm_ff_component|dffs[3]  ; clk      ;
; N/A   ; None         ; 2.789 ns   ; Data[6] ; lpm_dff0:inst4|lpm_ff:lpm_ff_component|dffs[6]  ; clk      ;
+-------+--------------+------------+---------+-------------------------------------------------+----------+


+------------------------------------------------------------------------------------------------------------------------------------------------------------------------------------+
; tco                                                                                                                                                                                ;
+-----------------------------------------+-----------------------------------------------------+------------+-------------------------------------------------+--------+------------+
; Slack                                   ; Required tco                                        ; Actual tco ; From                                            ; To     ; From Clock ;
+-----------------------------------------+-----------------------------------------------------+------------+-------------------------------------------------+--------+------------+
; N/A                                     ; None                                                ; 17.889 ns  ; lpm_dff0:inst9|lpm_ff:lpm_ff_component|dffs[7]  ; Max[6] ; clk        ;
; N/A                                     ; None                                                ; 17.871 ns  ; lpm_dff0:inst4|lpm_ff:lpm_ff_component|dffs[5]  ; Max[6] ; clk        ;
; N/A                                     ; None                                                ; 17.635 ns  ; lpm_dff0:inst6|lpm_ff:lpm_ff_component|dffs[5]  ; Max[6] ; clk        ;
; N/A                                     ; None                                                ; 17.603 ns  ; lpm_dff0:inst5|lpm_ff:lpm_ff_component|dffs[1]  ; Max[6] ; clk        ;
; N/A                                     ; None                                                ; 17.396 ns  ; lpm_dff0:inst8|lpm_ff:lpm_ff_component|dffs[7]  ; Max[6] ; clk        ;
; N/A                                     ; None                                                ; 17.316 ns  ; lpm_dff0:inst11|lpm_ff:lpm_ff_component|dffs[7] ; Max[6] ; clk        ;
; N/A                                     ; None                                                ; 17.232 ns  ; lpm_dff0:inst9|lpm_ff:lpm_ff_component|dffs[1]  ; Max[6] ; clk        ;
; N/A                                     ; None                                                ; 17.203 ns  ; lpm_dff0:inst8|lpm_ff:lpm_ff_component|dffs[6]  ; Max[6] ; clk        ;
; N/A                                     ; None                                                ; 17.178 ns  ; lpm_dff0:inst5|lpm_ff:lpm_ff_component|dffs[0]  ; Max[6] ; clk        ;
; N/A                                     ; None                                                ; 17.169 ns  ; lpm_dff0:inst4|lpm_ff:lpm_ff_component|dffs[6]  ; Max[6] ; clk        ;
; N/A                                     ; None                                                ; 17.147 ns  ; lpm_dff0:inst9|lpm_ff:lpm_ff_component|dffs[7]  ; Max[7] ; clk        ;
; N/A                                     ; None                                                ; 17.146 ns  ; lpm_dff0:inst6|lpm_ff:lpm_ff_component|dffs[7]  ; Max[6] ; clk        ;
; N/A                                     ; None                                                ; 17.129 ns  ; lpm_dff0:inst4|lpm_ff:lpm_ff_component|dffs[5]  ; Max[7] ; clk        ;
; N/A                                     ; None                                                ; 17.051 ns  ; lpm_dff0:inst9|lpm_ff:lpm_ff_component|dffs[6]  ; Max[6] ; clk        ;
; N/A                                     ; None                                                ; 17.031 ns  ; lpm_dff0:inst10|lpm_ff:lpm_ff_component|dffs[0] ; Max[6] ; clk        ;
; N/A                                     ; None                                                ; 16.981 ns  ; lpm_dff0:inst9|lpm_ff:lpm_ff_component|dffs[0]  ; Max[6] ; clk        ;
; N/A                                     ; None                                                ; 16.893 ns  ; lpm_dff0:inst6|lpm_ff:lpm_ff_component|dffs[5]  ; Max[7] ; clk        ;
; N/A                                     ; None                                                ; 16.884 ns  ; lpm_dff0:inst8|lpm_ff:lpm_ff_component|dffs[5]  ; Max[6] ; clk        ;
; N/A                                     ; None                                                ; 16.880 ns  ; lpm_dff0:inst11|lpm_ff:lpm_ff_component|dffs[0] ; Max[6] ; clk        ;
; N/A                                     ; None                                                ; 16.868 ns  ; lpm_dff0:inst9|lpm_ff:lpm_ff_component|dffs[7]  ; Max[1] ; clk        ;
; N/A                                     ; None                                                ; 16.861 ns  ; lpm_dff0:inst5|lpm_ff:lpm_ff_component|dffs[1]  ; Max[7] ; clk        ;
; N/A                                     ; None                                                ; 16.850 ns  ; lpm_dff0:inst4|lpm_ff:lpm_ff_component|dffs[5]  ; Max[1] ; clk        ;
; N/A                                     ; None                                                ; 16.840 ns  ; lpm_dff0:inst10|lpm_ff:lpm_ff_component|dffs[5] ; Max[6] ; clk        ;
; N/A                                     ; None                                                ; 16.837 ns  ; lpm_dff0:inst9|lpm_ff:lpm_ff_component|dffs[5]  ; Max[6] ; clk        ;
; N/A                                     ; None                                                ; 16.834 ns  ; lpm_dff0:inst9|lpm_ff:lpm_ff_component|dffs[7]  ; Max[2] ; clk        ;
; N/A                                     ; None                                                ; 16.831 ns  ; lpm_dff0:inst9|lpm_ff:lpm_ff_component|dffs[7]  ; Max[0] ; clk        ;
; N/A                                     ; None                                                ; 16.824 ns  ; lpm_dff0:inst11|lpm_ff:lpm_ff_component|dffs[5] ; Max[6] ; clk        ;
; N/A                                     ; None                                                ; 16.816 ns  ; lpm_dff0:inst4|lpm_ff:lpm_ff_component|dffs[5]  ; Max[2] ; clk        ;
; N/A                                     ; None                                                ; 16.813 ns  ; lpm_dff0:inst4|lpm_ff:lpm_ff_component|dffs[5]  ; Max[0] ; clk        ;
; N/A                                     ; None                                                ; 16.808 ns  ; lpm_dff0:inst8|lpm_ff:lpm_ff_component|dffs[0]  ; Max[6] ; clk        ;
; N/A                                     ; None                                                ; 16.785 ns  ; lpm_dff0:inst9|lpm_ff:lpm_ff_component|dffs[7]  ; Max[3] ; clk        ;
; N/A                                     ; None                                                ; 16.785 ns  ; lpm_dff0:inst9|lpm_ff:lpm_ff_component|dffs[7]  ; Max[5] ; clk        ;
; N/A                                     ; None                                                ; 16.767 ns  ; lpm_dff0:inst4|lpm_ff:lpm_ff_component|dffs[5]  ; Max[3] ; clk        ;
; N/A                                     ; None                                                ; 16.767 ns  ; lpm_dff0:inst4|lpm_ff:lpm_ff_component|dffs[5]  ; Max[5] ; clk        ;
; N/A                                     ; None                                                ; 16.750 ns  ; lpm_dff0:inst10|lpm_ff:lpm_ff_component|dffs[7] ; Max[6] ; clk        ;
; N/A                                     ; None                                                ; 16.736 ns  ; lpm_dff0:inst11|lpm_ff:lpm_ff_component|dffs[1] ; Max[6] ; clk        ;
; N/A                                     ; None                                                ; 16.727 ns  ; lpm_dff0:inst4|lpm_ff:lpm_ff_component|dffs[7]  ; Max[6] ; clk        ;
; N/A                                     ; None                                                ; 16.694 ns  ; lpm_dff0:inst10|lpm_ff:lpm_ff_component|dffs[1] ; Max[6] ; clk        ;
; N/A                                     ; None                                                ; 16.688 ns  ; lpm_dff0:inst4|lpm_ff:lpm_ff_component|dffs[0]  ; Max[6] ; clk        ;
; N/A                                     ; None                                                ; 16.687 ns  ; lpm_dff0:inst11|lpm_ff:lpm_ff_component|dffs[6] ; Max[6] ; clk        ;
; N/A                                     ; None                                                ; 16.656 ns  ; lpm_dff0:inst5|lpm_ff:lpm_ff_component|dffs[5]  ; Max[6] ; clk        ;
; N/A                                     ; None                                                ; 16.654 ns  ; lpm_dff0:inst8|lpm_ff:lpm_ff_component|dffs[7]  ; Max[7] ; clk        ;
; N/A                                     ; None                                                ; 16.614 ns  ; lpm_dff0:inst6|lpm_ff:lpm_ff_component|dffs[5]  ; Max[1] ; clk        ;
; N/A                                     ; None                                                ; 16.599 ns  ; lpm_dff0:inst5|lpm_ff:lpm_ff_component|dffs[6]  ; Max[6] ; clk        ;
; N/A                                     ; None                                                ; 16.582 ns  ; lpm_dff0:inst5|lpm_ff:lpm_ff_component|dffs[1]  ; Max[1] ; clk        ;
; N/A                                     ; None                                                ; 16.580 ns  ; lpm_dff0:inst6|lpm_ff:lpm_ff_component|dffs[5]  ; Max[2] ; clk        ;
; N/A                                     ; None                                                ; 16.577 ns  ; lpm_dff0:inst6|lpm_ff:lpm_ff_component|dffs[5]  ; Max[0] ; clk        ;
; N/A                                     ; None                                                ; 16.574 ns  ; lpm_dff0:inst11|lpm_ff:lpm_ff_component|dffs[7] ; Max[7] ; clk        ;
; N/A                                     ; None                                                ; 16.560 ns  ; lpm_dff0:inst5|lpm_ff:lpm_ff_component|dffs[7]  ; Max[6] ; clk        ;
; N/A                                     ; None                                                ; 16.548 ns  ; lpm_dff0:inst5|lpm_ff:lpm_ff_component|dffs[1]  ; Max[2] ; clk        ;
; N/A                                     ; None                                                ; 16.545 ns  ; lpm_dff0:inst5|lpm_ff:lpm_ff_component|dffs[1]  ; Max[0] ; clk        ;
; N/A                                     ; None                                                ; 16.531 ns  ; lpm_dff0:inst6|lpm_ff:lpm_ff_component|dffs[5]  ; Max[3] ; clk        ;
; N/A                                     ; None                                                ; 16.531 ns  ; lpm_dff0:inst6|lpm_ff:lpm_ff_component|dffs[5]  ; Max[5] ; clk        ;
; N/A                                     ; None                                                ; 16.521 ns  ; lpm_dff0:inst9|lpm_ff:lpm_ff_component|dffs[7]  ; Max[4] ; clk        ;
; N/A                                     ; None                                                ; 16.521 ns  ; lpm_dff0:inst6|lpm_ff:lpm_ff_component|dffs[0]  ; Max[6] ; clk        ;
; N/A                                     ; None                                                ; 16.518 ns  ; lpm_dff0:inst7|lpm_ff:lpm_ff_component|dffs[5]  ; Max[6] ; clk        ;
; N/A                                     ; None                                                ; 16.514 ns  ; lpm_dff0:inst8|lpm_ff:lpm_ff_component|dffs[1]  ; Max[6] ; clk        ;
; N/A                                     ; None                                                ; 16.499 ns  ; lpm_dff0:inst5|lpm_ff:lpm_ff_component|dffs[1]  ; Max[3] ; clk        ;
; N/A                                     ; None                                                ; 16.499 ns  ; lpm_dff0:inst5|lpm_ff:lpm_ff_component|dffs[1]  ; Max[5] ; clk        ;
; N/A                                     ; None                                                ; 16.491 ns  ; lpm_dff0:inst7|lpm_ff:lpm_ff_component|dffs[1]  ; Max[6] ; clk        ;
; N/A                                     ; None                                                ; 16.490 ns  ; lpm_dff0:inst9|lpm_ff:lpm_ff_component|dffs[1]  ; Max[7] ; clk        ;
; N/A                                     ; None                                                ; 16.477 ns  ; lpm_dff0:inst4|lpm_ff:lpm_ff_component|dffs[1]  ; Max[6] ; clk        ;
; N/A                                     ; None                                                ; 16.461 ns  ; lpm_dff0:inst8|lpm_ff:lpm_ff_component|dffs[6]  ; Max[7] ; clk        ;
; N/A                                     ; None                                                ; 16.436 ns  ; lpm_dff0:inst5|lpm_ff:lpm_ff_component|dffs[0]  ; Max[7] ; clk        ;
; N/A                                     ; None                                                ; 16.427 ns  ; lpm_dff0:inst4|lpm_ff:lpm_ff_component|dffs[6]  ; Max[7] ; clk        ;
; N/A                                     ; None                                                ; 16.404 ns  ; lpm_dff0:inst6|lpm_ff:lpm_ff_component|dffs[7]  ; Max[7] ; clk        ;
; N/A                                     ; None                                                ; 16.375 ns  ; lpm_dff0:inst8|lpm_ff:lpm_ff_component|dffs[7]  ; Max[1] ; clk        ;
; N/A                                     ; None                                                ; 16.368 ns  ; lpm_dff0:inst7|lpm_ff:lpm_ff_component|dffs[7]  ; Max[6] ; clk        ;
; N/A                                     ; None                                                ; 16.365 ns  ; lpm_dff0:inst7|lpm_ff:lpm_ff_component|dffs[6]  ; Max[6] ; clk        ;
; N/A                                     ; None                                                ; 16.360 ns  ; lpm_dff0:inst10|lpm_ff:lpm_ff_component|dffs[6] ; Max[6] ; clk        ;
; N/A                                     ; None                                                ; 16.359 ns  ; lpm_dff0:inst7|lpm_ff:lpm_ff_component|dffs[0]  ; Max[6] ; clk        ;
; N/A                                     ; None                                                ; 16.341 ns  ; lpm_dff0:inst8|lpm_ff:lpm_ff_component|dffs[7]  ; Max[2] ; clk        ;
; N/A                                     ; None                                                ; 16.338 ns  ; lpm_dff0:inst8|lpm_ff:lpm_ff_component|dffs[7]  ; Max[0] ; clk        ;
; N/A                                     ; None                                                ; 16.309 ns  ; lpm_dff0:inst9|lpm_ff:lpm_ff_component|dffs[6]  ; Max[7] ; clk        ;
; N/A                                     ; None                                                ; 16.295 ns  ; lpm_dff0:inst11|lpm_ff:lpm_ff_component|dffs[7] ; Max[1] ; clk        ;
; N/A                                     ; None                                                ; 16.292 ns  ; lpm_dff0:inst8|lpm_ff:lpm_ff_component|dffs[7]  ; Max[3] ; clk        ;
; N/A                                     ; None                                                ; 16.292 ns  ; lpm_dff0:inst8|lpm_ff:lpm_ff_component|dffs[7]  ; Max[5] ; clk        ;
; N/A                                     ; None                                                ; 16.289 ns  ; lpm_dff0:inst10|lpm_ff:lpm_ff_component|dffs[0] ; Max[7] ; clk        ;
; N/A                                     ; None                                                ; 16.261 ns  ; lpm_dff0:inst11|lpm_ff:lpm_ff_component|dffs[7] ; Max[2] ; clk        ;
; N/A                                     ; None                                                ; 16.258 ns  ; lpm_dff0:inst11|lpm_ff:lpm_ff_component|dffs[7] ; Max[0] ; clk        ;
; N/A                                     ; None                                                ; 16.239 ns  ; lpm_dff0:inst9|lpm_ff:lpm_ff_component|dffs[0]  ; Max[7] ; clk        ;
; N/A                                     ; None                                                ; 16.212 ns  ; lpm_dff0:inst11|lpm_ff:lpm_ff_component|dffs[7] ; Max[3] ; clk        ;
; N/A                                     ; None                                                ; 16.212 ns  ; lpm_dff0:inst11|lpm_ff:lpm_ff_component|dffs[7] ; Max[5] ; clk        ;
; N/A                                     ; None                                                ; 16.211 ns  ; lpm_dff0:inst9|lpm_ff:lpm_ff_component|dffs[1]  ; Max[1] ; clk        ;
; N/A                                     ; None                                                ; 16.186 ns  ; lpm_dff0:inst4|lpm_ff:lpm_ff_component|dffs[2]  ; Max[6] ; clk        ;
; N/A                                     ; None                                                ; 16.182 ns  ; lpm_dff0:inst8|lpm_ff:lpm_ff_component|dffs[6]  ; Max[1] ; clk        ;
; N/A                                     ; None                                                ; 16.177 ns  ; lpm_dff0:inst9|lpm_ff:lpm_ff_component|dffs[1]  ; Max[2] ; clk        ;
; N/A                                     ; None                                                ; 16.174 ns  ; lpm_dff0:inst9|lpm_ff:lpm_ff_component|dffs[1]  ; Max[0] ; clk        ;
; N/A                                     ; None                                                ; 16.157 ns  ; lpm_dff0:inst5|lpm_ff:lpm_ff_component|dffs[0]  ; Max[1] ; clk        ;
; N/A                                     ; None                                                ; 16.151 ns  ; lpm_dff0:inst9|lpm_ff:lpm_ff_component|dffs[2]  ; Max[6] ; clk        ;
; N/A                                     ; None                                                ; 16.148 ns  ; lpm_dff0:inst4|lpm_ff:lpm_ff_component|dffs[6]  ; Max[1] ; clk        ;
; N/A                                     ; None                                                ; 16.148 ns  ; lpm_dff0:inst8|lpm_ff:lpm_ff_component|dffs[6]  ; Max[2] ; clk        ;
; N/A                                     ; None                                                ; 16.145 ns  ; lpm_dff0:inst8|lpm_ff:lpm_ff_component|dffs[6]  ; Max[0] ; clk        ;
; N/A                                     ; None                                                ; 16.142 ns  ; lpm_dff0:inst8|lpm_ff:lpm_ff_component|dffs[5]  ; Max[7] ; clk        ;
; N/A                                     ; None                                                ; 16.138 ns  ; lpm_dff0:inst11|lpm_ff:lpm_ff_component|dffs[0] ; Max[7] ; clk        ;
; N/A                                     ; None                                                ; 16.128 ns  ; lpm_dff0:inst9|lpm_ff:lpm_ff_component|dffs[1]  ; Max[3] ; clk        ;
; N/A                                     ; None                                                ; 16.128 ns  ; lpm_dff0:inst9|lpm_ff:lpm_ff_component|dffs[1]  ; Max[5] ; clk        ;
; N/A                                     ; None                                                ; 16.125 ns  ; lpm_dff0:inst6|lpm_ff:lpm_ff_component|dffs[7]  ; Max[1] ; clk        ;
; N/A                                     ; None                                                ; 16.123 ns  ; lpm_dff0:inst5|lpm_ff:lpm_ff_component|dffs[0]  ; Max[2] ; clk        ;
; N/A                                     ; None                                                ; 16.120 ns  ; lpm_dff0:inst5|lpm_ff:lpm_ff_component|dffs[0]  ; Max[0] ; clk        ;
; N/A                                     ; None                                                ; 16.114 ns  ; lpm_dff0:inst4|lpm_ff:lpm_ff_component|dffs[6]  ; Max[2] ; clk        ;
; N/A                                     ; None                                                ; 16.112 ns  ; lpm_dff0:inst5|lpm_ff:lpm_ff_component|dffs[2]  ; Max[6] ; clk        ;
; N/A                                     ; None                                                ; 16.111 ns  ; lpm_dff0:inst4|lpm_ff:lpm_ff_component|dffs[6]  ; Max[0] ; clk        ;
; N/A                                     ; None                                                ; 16.099 ns  ; lpm_dff0:inst8|lpm_ff:lpm_ff_component|dffs[6]  ; Max[3] ; clk        ;
; N/A                                     ; None                                                ; 16.099 ns  ; lpm_dff0:inst8|lpm_ff:lpm_ff_component|dffs[6]  ; Max[5] ; clk        ;
; N/A                                     ; None                                                ; 16.098 ns  ; lpm_dff0:inst10|lpm_ff:lpm_ff_component|dffs[5] ; Max[7] ; clk        ;
; N/A                                     ; None                                                ; 16.095 ns  ; lpm_dff0:inst6|lpm_ff:lpm_ff_component|dffs[1]  ; Max[6] ; clk        ;
; N/A                                     ; None                                                ; 16.095 ns  ; lpm_dff0:inst9|lpm_ff:lpm_ff_component|dffs[5]  ; Max[7] ; clk        ;
; N/A                                     ; None                                                ; 16.091 ns  ; lpm_dff0:inst6|lpm_ff:lpm_ff_component|dffs[7]  ; Max[2] ; clk        ;
; N/A                                     ; None                                                ; 16.088 ns  ; lpm_dff0:inst6|lpm_ff:lpm_ff_component|dffs[7]  ; Max[0] ; clk        ;
; N/A                                     ; None                                                ; 16.084 ns  ; lpm_dff0:inst6|lpm_ff:lpm_ff_component|dffs[6]  ; Max[6] ; clk        ;
; N/A                                     ; None                                                ; 16.082 ns  ; lpm_dff0:inst11|lpm_ff:lpm_ff_component|dffs[5] ; Max[7] ; clk        ;
; N/A                                     ; None                                                ; 16.074 ns  ; lpm_dff0:inst5|lpm_ff:lpm_ff_component|dffs[0]  ; Max[3] ; clk        ;
; N/A                                     ; None                                                ; 16.074 ns  ; lpm_dff0:inst5|lpm_ff:lpm_ff_component|dffs[0]  ; Max[5] ; clk        ;
; N/A                                     ; None                                                ; 16.066 ns  ; lpm_dff0:inst8|lpm_ff:lpm_ff_component|dffs[0]  ; Max[7] ; clk        ;
; N/A                                     ; None                                                ; 16.065 ns  ; lpm_dff0:inst4|lpm_ff:lpm_ff_component|dffs[6]  ; Max[3] ; clk        ;
; N/A                                     ; None                                                ; 16.065 ns  ; lpm_dff0:inst4|lpm_ff:lpm_ff_component|dffs[6]  ; Max[5] ; clk        ;
; N/A                                     ; None                                                ; 16.042 ns  ; lpm_dff0:inst6|lpm_ff:lpm_ff_component|dffs[7]  ; Max[3] ; clk        ;
; N/A                                     ; None                                                ; 16.042 ns  ; lpm_dff0:inst6|lpm_ff:lpm_ff_component|dffs[7]  ; Max[5] ; clk        ;
; N/A                                     ; None                                                ; 16.030 ns  ; lpm_dff0:inst9|lpm_ff:lpm_ff_component|dffs[6]  ; Max[1] ; clk        ;
; N/A                                     ; None                                                ; 16.028 ns  ; lpm_dff0:inst8|lpm_ff:lpm_ff_component|dffs[7]  ; Max[4] ; clk        ;
; N/A                                     ; None                                                ; 16.010 ns  ; lpm_dff0:inst10|lpm_ff:lpm_ff_component|dffs[0] ; Max[1] ; clk        ;
; N/A                                     ; None                                                ; 16.008 ns  ; lpm_dff0:inst10|lpm_ff:lpm_ff_component|dffs[7] ; Max[7] ; clk        ;
; N/A                                     ; None                                                ; 15.996 ns  ; lpm_dff0:inst9|lpm_ff:lpm_ff_component|dffs[6]  ; Max[2] ; clk        ;
; N/A                                     ; None                                                ; 15.994 ns  ; lpm_dff0:inst11|lpm_ff:lpm_ff_component|dffs[1] ; Max[7] ; clk        ;
; N/A                                     ; None                                                ; 15.993 ns  ; lpm_dff0:inst9|lpm_ff:lpm_ff_component|dffs[6]  ; Max[0] ; clk        ;
; N/A                                     ; None                                                ; 15.985 ns  ; lpm_dff0:inst4|lpm_ff:lpm_ff_component|dffs[7]  ; Max[7] ; clk        ;
; N/A                                     ; None                                                ; 15.982 ns  ; lpm_dff0:inst8|lpm_ff:lpm_ff_component|dffs[2]  ; Max[6] ; clk        ;
; N/A                                     ; None                                                ; 15.976 ns  ; lpm_dff0:inst10|lpm_ff:lpm_ff_component|dffs[0] ; Max[2] ; clk        ;
; N/A                                     ; None                                                ; 15.973 ns  ; lpm_dff0:inst10|lpm_ff:lpm_ff_component|dffs[0] ; Max[0] ; clk        ;
; N/A                                     ; None                                                ; 15.969 ns  ; lpm_dff0:inst11|lpm_ff:lpm_ff_component|dffs[2] ; Max[6] ; clk        ;
; N/A                                     ; None                                                ; 15.960 ns  ; lpm_dff0:inst9|lpm_ff:lpm_ff_component|dffs[0]  ; Max[1] ; clk        ;
; N/A                                     ; None                                                ; 15.952 ns  ; lpm_dff0:inst10|lpm_ff:lpm_ff_component|dffs[1] ; Max[7] ; clk        ;
; N/A                                     ; None                                                ; 15.947 ns  ; lpm_dff0:inst9|lpm_ff:lpm_ff_component|dffs[6]  ; Max[3] ; clk        ;
; N/A                                     ; None                                                ; 15.947 ns  ; lpm_dff0:inst9|lpm_ff:lpm_ff_component|dffs[6]  ; Max[5] ; clk        ;
; N/A                                     ; None                                                ; 15.946 ns  ; lpm_dff0:inst4|lpm_ff:lpm_ff_component|dffs[0]  ; Max[7] ; clk        ;
; N/A                                     ; None                                                ; 15.945 ns  ; lpm_dff0:inst11|lpm_ff:lpm_ff_component|dffs[6] ; Max[7] ; clk        ;
; N/A                                     ; None                                                ; 15.927 ns  ; lpm_dff0:inst10|lpm_ff:lpm_ff_component|dffs[0] ; Max[3] ; clk        ;
; N/A                                     ; None                                                ; 15.927 ns  ; lpm_dff0:inst10|lpm_ff:lpm_ff_component|dffs[0] ; Max[5] ; clk        ;
; N/A                                     ; None                                                ; 15.926 ns  ; lpm_dff0:inst9|lpm_ff:lpm_ff_component|dffs[0]  ; Max[2] ; clk        ;
; N/A                                     ; None                                                ; 15.923 ns  ; lpm_dff0:inst9|lpm_ff:lpm_ff_component|dffs[0]  ; Max[0] ; clk        ;
; N/A                                     ; None                                                ; 15.914 ns  ; lpm_dff0:inst5|lpm_ff:lpm_ff_component|dffs[5]  ; Max[7] ; clk        ;
; N/A                                     ; None                                                ; 15.877 ns  ; lpm_dff0:inst9|lpm_ff:lpm_ff_component|dffs[0]  ; Max[3] ; clk        ;
; N/A                                     ; None                                                ; 15.877 ns  ; lpm_dff0:inst9|lpm_ff:lpm_ff_component|dffs[0]  ; Max[5] ; clk        ;
; N/A                                     ; None                                                ; 15.864 ns  ; lpm_dff0:inst9|lpm_ff:lpm_ff_component|dffs[1]  ; Max[4] ; clk        ;
; N/A                                     ; None                                                ; 15.863 ns  ; lpm_dff0:inst8|lpm_ff:lpm_ff_component|dffs[5]  ; Max[1] ; clk        ;
; N/A                                     ; None                                                ; 15.859 ns  ; lpm_dff0:inst11|lpm_ff:lpm_ff_component|dffs[0] ; Max[1] ; clk        ;
; N/A                                     ; None                                                ; 15.857 ns  ; lpm_dff0:inst5|lpm_ff:lpm_ff_component|dffs[6]  ; Max[7] ; clk        ;
; N/A                                     ; None                                                ; 15.853 ns  ; lpm_dff0:inst4|lpm_ff:lpm_ff_component|dffs[5]  ; Max[4] ; clk        ;
; N/A                                     ; None                                                ; 15.835 ns  ; lpm_dff0:inst8|lpm_ff:lpm_ff_component|dffs[6]  ; Max[4] ; clk        ;
; N/A                                     ; None                                                ; 15.829 ns  ; lpm_dff0:inst8|lpm_ff:lpm_ff_component|dffs[5]  ; Max[2] ; clk        ;
; N/A                                     ; None                                                ; 15.826 ns  ; lpm_dff0:inst8|lpm_ff:lpm_ff_component|dffs[5]  ; Max[0] ; clk        ;
; N/A                                     ; None                                                ; 15.825 ns  ; lpm_dff0:inst11|lpm_ff:lpm_ff_component|dffs[0] ; Max[2] ; clk        ;
; N/A                                     ; None                                                ; 15.822 ns  ; lpm_dff0:inst11|lpm_ff:lpm_ff_component|dffs[0] ; Max[0] ; clk        ;
; N/A                                     ; None                                                ; 15.819 ns  ; lpm_dff0:inst10|lpm_ff:lpm_ff_component|dffs[5] ; Max[1] ; clk        ;
; N/A                                     ; None                                                ; 15.818 ns  ; lpm_dff0:inst5|lpm_ff:lpm_ff_component|dffs[7]  ; Max[7] ; clk        ;
; N/A                                     ; None                                                ; 15.816 ns  ; lpm_dff0:inst9|lpm_ff:lpm_ff_component|dffs[5]  ; Max[1] ; clk        ;
; N/A                                     ; None                                                ; 15.813 ns  ; lpm_dff0:inst10|lpm_ff:lpm_ff_component|dffs[3] ; Max[6] ; clk        ;
; N/A                                     ; None                                                ; 15.803 ns  ; lpm_dff0:inst11|lpm_ff:lpm_ff_component|dffs[5] ; Max[1] ; clk        ;
; N/A                                     ; None                                                ; 15.803 ns  ; lpm_dff0:inst5|lpm_ff:lpm_ff_component|dffs[3]  ; Max[6] ; clk        ;
; N/A                                     ; None                                                ; 15.787 ns  ; lpm_dff0:inst8|lpm_ff:lpm_ff_component|dffs[0]  ; Max[1] ; clk        ;
; N/A                                     ; None                                                ; 15.785 ns  ; lpm_dff0:inst10|lpm_ff:lpm_ff_component|dffs[5] ; Max[2] ; clk        ;
; N/A                                     ; None                                                ; 15.782 ns  ; lpm_dff0:inst10|lpm_ff:lpm_ff_component|dffs[5] ; Max[0] ; clk        ;
; N/A                                     ; None                                                ; 15.782 ns  ; lpm_dff0:inst9|lpm_ff:lpm_ff_component|dffs[5]  ; Max[2] ; clk        ;
; N/A                                     ; None                                                ; 15.780 ns  ; lpm_dff0:inst8|lpm_ff:lpm_ff_component|dffs[5]  ; Max[3] ; clk        ;
; N/A                                     ; None                                                ; 15.780 ns  ; lpm_dff0:inst8|lpm_ff:lpm_ff_component|dffs[5]  ; Max[5] ; clk        ;
; N/A                                     ; None                                                ; 15.779 ns  ; lpm_dff0:inst9|lpm_ff:lpm_ff_component|dffs[5]  ; Max[0] ; clk        ;
; N/A                                     ; None                                                ; 15.779 ns  ; lpm_dff0:inst6|lpm_ff:lpm_ff_component|dffs[0]  ; Max[7] ; clk        ;
; N/A                                     ; None                                                ; 15.776 ns  ; lpm_dff0:inst11|lpm_ff:lpm_ff_component|dffs[0] ; Max[3] ; clk        ;
; N/A                                     ; None                                                ; 15.776 ns  ; lpm_dff0:inst11|lpm_ff:lpm_ff_component|dffs[0] ; Max[5] ; clk        ;
; N/A                                     ; None                                                ; 15.776 ns  ; lpm_dff0:inst7|lpm_ff:lpm_ff_component|dffs[5]  ; Max[7] ; clk        ;
; N/A                                     ; None                                                ; 15.772 ns  ; lpm_dff0:inst8|lpm_ff:lpm_ff_component|dffs[1]  ; Max[7] ; clk        ;
; N/A                                     ; None                                                ; 15.769 ns  ; lpm_dff0:inst11|lpm_ff:lpm_ff_component|dffs[5] ; Max[2] ; clk        ;
; N/A                                     ; None                                                ; 15.766 ns  ; lpm_dff0:inst11|lpm_ff:lpm_ff_component|dffs[5] ; Max[0] ; clk        ;
; N/A                                     ; None                                                ; 15.753 ns  ; lpm_dff0:inst8|lpm_ff:lpm_ff_component|dffs[0]  ; Max[2] ; clk        ;
; N/A                                     ; None                                                ; 15.750 ns  ; lpm_dff0:inst8|lpm_ff:lpm_ff_component|dffs[0]  ; Max[0] ; clk        ;
; N/A                                     ; None                                                ; 15.749 ns  ; lpm_dff0:inst7|lpm_ff:lpm_ff_component|dffs[1]  ; Max[7] ; clk        ;
; N/A                                     ; None                                                ; 15.737 ns  ; lpm_dff0:inst4|lpm_ff:lpm_ff_component|dffs[3]  ; Max[6] ; clk        ;
; N/A                                     ; None                                                ; 15.736 ns  ; lpm_dff0:inst10|lpm_ff:lpm_ff_component|dffs[5] ; Max[3] ; clk        ;
; N/A                                     ; None                                                ; 15.736 ns  ; lpm_dff0:inst10|lpm_ff:lpm_ff_component|dffs[5] ; Max[5] ; clk        ;
; N/A                                     ; None                                                ; 15.735 ns  ; lpm_dff0:inst4|lpm_ff:lpm_ff_component|dffs[1]  ; Max[7] ; clk        ;
; N/A                                     ; None                                                ; 15.733 ns  ; lpm_dff0:inst9|lpm_ff:lpm_ff_component|dffs[5]  ; Max[3] ; clk        ;
; N/A                                     ; None                                                ; 15.733 ns  ; lpm_dff0:inst9|lpm_ff:lpm_ff_component|dffs[5]  ; Max[5] ; clk        ;
; N/A                                     ; None                                                ; 15.729 ns  ; lpm_dff0:inst10|lpm_ff:lpm_ff_component|dffs[7] ; Max[1] ; clk        ;
; N/A                                     ; None                                                ; 15.720 ns  ; lpm_dff0:inst11|lpm_ff:lpm_ff_component|dffs[5] ; Max[3] ; clk        ;
; N/A                                     ; None                                                ; 15.720 ns  ; lpm_dff0:inst11|lpm_ff:lpm_ff_component|dffs[5] ; Max[5] ; clk        ;
; N/A                                     ; None                                                ; 15.715 ns  ; lpm_dff0:inst11|lpm_ff:lpm_ff_component|dffs[1] ; Max[1] ; clk        ;
; N/A                                     ; None                                                ; 15.706 ns  ; lpm_dff0:inst4|lpm_ff:lpm_ff_component|dffs[7]  ; Max[1] ; clk        ;
; N/A                                     ; None                                                ; 15.704 ns  ; lpm_dff0:inst8|lpm_ff:lpm_ff_component|dffs[0]  ; Max[3] ; clk        ;
; N/A                                     ; None                                                ; 15.704 ns  ; lpm_dff0:inst8|lpm_ff:lpm_ff_component|dffs[0]  ; Max[5] ; clk        ;
; N/A                                     ; None                                                ; 15.695 ns  ; lpm_dff0:inst10|lpm_ff:lpm_ff_component|dffs[7] ; Max[2] ; clk        ;
; N/A                                     ; None                                                ; 15.692 ns  ; lpm_dff0:inst10|lpm_ff:lpm_ff_component|dffs[7] ; Max[0] ; clk        ;
; N/A                                     ; None                                                ; 15.683 ns  ; lpm_dff0:inst9|lpm_ff:lpm_ff_component|dffs[6]  ; Max[4] ; clk        ;
; N/A                                     ; None                                                ; 15.681 ns  ; lpm_dff0:inst11|lpm_ff:lpm_ff_component|dffs[1] ; Max[2] ; clk        ;
; N/A                                     ; None                                                ; 15.678 ns  ; lpm_dff0:inst11|lpm_ff:lpm_ff_component|dffs[1] ; Max[0] ; clk        ;
; N/A                                     ; None                                                ; 15.673 ns  ; lpm_dff0:inst10|lpm_ff:lpm_ff_component|dffs[1] ; Max[1] ; clk        ;
; N/A                                     ; None                                                ; 15.672 ns  ; lpm_dff0:inst4|lpm_ff:lpm_ff_component|dffs[7]  ; Max[2] ; clk        ;
; N/A                                     ; None                                                ; 15.669 ns  ; lpm_dff0:inst4|lpm_ff:lpm_ff_component|dffs[7]  ; Max[0] ; clk        ;
; N/A                                     ; None                                                ; 15.667 ns  ; lpm_dff0:inst4|lpm_ff:lpm_ff_component|dffs[0]  ; Max[1] ; clk        ;
; N/A                                     ; None                                                ; 15.666 ns  ; lpm_dff0:inst11|lpm_ff:lpm_ff_component|dffs[6] ; Max[1] ; clk        ;
; Timing analysis restricted to 200 rows. ; To change the limit use Settings (Assignments menu) ;            ;                                                 ;        ;            ;
+-----------------------------------------+-----------------------------------------------------+------------+-------------------------------------------------+--------+------------+


+----------------------------------------------------------------------------------------------------------------+
; th                                                                                                             ;
+---------------+-------------+-----------+---------+-------------------------------------------------+----------+
; Minimum Slack ; Required th ; Actual th ; From    ; To                                              ; To Clock ;
+---------------+-------------+-----------+---------+-------------------------------------------------+----------+
; N/A           ; None        ; -2.550 ns ; Data[6] ; lpm_dff0:inst4|lpm_ff:lpm_ff_component|dffs[6]  ; clk      ;
; N/A           ; None        ; -2.650 ns ; Data[3] ; lpm_dff0:inst4|lpm_ff:lpm_ff_component|dffs[3]  ; clk      ;
; N/A           ; None        ; -2.704 ns ; Data[2] ; lpm_dff0:inst4|lpm_ff:lpm_ff_component|dffs[2]  ; clk      ;
; N/A           ; None        ; -2.872 ns ; Data[5] ; lpm_dff0:inst4|lpm_ff:lpm_ff_component|dffs[5]  ; clk      ;
; N/A           ; None        ; -2.890 ns ; Data[4] ; lpm_dff0:inst4|lpm_ff:lpm_ff_component|dffs[4]  ; clk      ;
; N/A           ; None        ; -2.918 ns ; Data[0] ; lpm_dff0:inst4|lpm_ff:lpm_ff_component|dffs[0]  ; clk      ;
; N/A           ; None        ; -3.016 ns ; En      ; lpm_dff0:inst11|lpm_ff:lpm_ff_component|dffs[4] ; clk      ;
; N/A           ; None        ; -3.016 ns ; En      ; lpm_dff0:inst10|lpm_ff:lpm_ff_component|dffs[4] ; clk      ;
; N/A           ; None        ; -3.016 ns ; En      ; lpm_dff0:inst9|lpm_ff:lpm_ff_component|dffs[4]  ; clk      ;
; N/A           ; None        ; -3.016 ns ; En      ; lpm_dff0:inst8|lpm_ff:lpm_ff_component|dffs[4]  ; clk      ;
; N/A           ; None        ; -3.016 ns ; En      ; lpm_dff0:inst11|lpm_ff:lpm_ff_component|dffs[2] ; clk      ;
; N/A           ; None        ; -3.016 ns ; En      ; lpm_dff0:inst10|lpm_ff:lpm_ff_component|dffs[3] ; clk      ;
; N/A           ; None        ; -3.016 ns ; En      ; lpm_dff0:inst11|lpm_ff:lpm_ff_component|dffs[3] ; clk      ;
; N/A           ; None        ; -3.016 ns ; En      ; lpm_dff0:inst10|lpm_ff:lpm_ff_component|dffs[2] ; clk      ;
; N/A           ; None        ; -3.016 ns ; En      ; lpm_dff0:inst9|lpm_ff:lpm_ff_component|dffs[3]  ; clk      ;
; N/A           ; None        ; -3.016 ns ; En      ; lpm_dff0:inst8|lpm_ff:lpm_ff_component|dffs[3]  ; clk      ;
; N/A           ; None        ; -3.016 ns ; En      ; lpm_dff0:inst7|lpm_ff:lpm_ff_component|dffs[4]  ; clk      ;
; N/A           ; None        ; -3.016 ns ; En      ; lpm_dff0:inst7|lpm_ff:lpm_ff_component|dffs[3]  ; clk      ;
; N/A           ; None        ; -3.016 ns ; En      ; lpm_dff0:inst6|lpm_ff:lpm_ff_component|dffs[4]  ; clk      ;
; N/A           ; None        ; -3.016 ns ; En      ; lpm_dff0:inst6|lpm_ff:lpm_ff_component|dffs[3]  ; clk      ;
; N/A           ; None        ; -3.016 ns ; En      ; lpm_dff0:inst5|lpm_ff:lpm_ff_component|dffs[4]  ; clk      ;
; N/A           ; None        ; -3.016 ns ; En      ; lpm_dff0:inst4|lpm_ff:lpm_ff_component|dffs[4]  ; clk      ;
; N/A           ; None        ; -3.144 ns ; Data[1] ; lpm_dff0:inst4|lpm_ff:lpm_ff_component|dffs[1]  ; clk      ;
; N/A           ; None        ; -3.218 ns ; Data[7] ; lpm_dff0:inst4|lpm_ff:lpm_ff_component|dffs[7]  ; clk      ;
; N/A           ; None        ; -3.273 ns ; En      ; lpm_dff0:inst9|lpm_ff:lpm_ff_component|dffs[0]  ; clk      ;
; N/A           ; None        ; -3.273 ns ; En      ; lpm_dff0:inst7|lpm_ff:lpm_ff_component|dffs[0]  ; clk      ;
; N/A           ; None        ; -3.273 ns ; En      ; lpm_dff0:inst9|lpm_ff:lpm_ff_component|dffs[2]  ; clk      ;
; N/A           ; None        ; -3.273 ns ; En      ; lpm_dff0:inst7|lpm_ff:lpm_ff_component|dffs[6]  ; clk      ;
; N/A           ; None        ; -3.273 ns ; En      ; lpm_dff0:inst7|lpm_ff:lpm_ff_component|dffs[5]  ; clk      ;
; N/A           ; None        ; -3.273 ns ; En      ; lpm_dff0:inst5|lpm_ff:lpm_ff_component|dffs[2]  ; clk      ;
; N/A           ; None        ; -3.273 ns ; En      ; lpm_dff0:inst5|lpm_ff:lpm_ff_component|dffs[3]  ; clk      ;
; N/A           ; None        ; -3.273 ns ; En      ; lpm_dff0:inst4|lpm_ff:lpm_ff_component|dffs[3]  ; clk      ;
; N/A           ; None        ; -3.304 ns ; En      ; lpm_dff0:inst11|lpm_ff:lpm_ff_component|dffs[5] ; clk      ;
; N/A           ; None        ; -3.304 ns ; En      ; lpm_dff0:inst11|lpm_ff:lpm_ff_component|dffs[6] ; clk      ;
; N/A           ; None        ; -3.304 ns ; En      ; lpm_dff0:inst9|lpm_ff:lpm_ff_component|dffs[6]  ; clk      ;
; N/A           ; None        ; -3.304 ns ; En      ; lpm_dff0:inst9|lpm_ff:lpm_ff_component|dffs[5]  ; clk      ;
; N/A           ; None        ; -3.446 ns ; En      ; lpm_dff0:inst8|lpm_ff:lpm_ff_component|dffs[2]  ; clk      ;
; N/A           ; None        ; -3.446 ns ; En      ; lpm_dff0:inst6|lpm_ff:lpm_ff_component|dffs[0]  ; clk      ;
; N/A           ; None        ; -3.446 ns ; En      ; lpm_dff0:inst6|lpm_ff:lpm_ff_component|dffs[2]  ; clk      ;
; N/A           ; None        ; -3.446 ns ; En      ; lpm_dff0:inst5|lpm_ff:lpm_ff_component|dffs[6]  ; clk      ;
; N/A           ; None        ; -3.446 ns ; En      ; lpm_dff0:inst5|lpm_ff:lpm_ff_component|dffs[5]  ; clk      ;
; N/A           ; None        ; -3.446 ns ; En      ; lpm_dff0:inst4|lpm_ff:lpm_ff_component|dffs[2]  ; clk      ;
; N/A           ; None        ; -3.476 ns ; En      ; lpm_dff0:inst11|lpm_ff:lpm_ff_component|dffs[0] ; clk      ;
; N/A           ; None        ; -3.476 ns ; En      ; lpm_dff0:inst10|lpm_ff:lpm_ff_component|dffs[0] ; clk      ;
; N/A           ; None        ; -3.476 ns ; En      ; lpm_dff0:inst10|lpm_ff:lpm_ff_component|dffs[1] ; clk      ;
; N/A           ; None        ; -3.476 ns ; En      ; lpm_dff0:inst11|lpm_ff:lpm_ff_component|dffs[1] ; clk      ;
; N/A           ; None        ; -3.476 ns ; En      ; lpm_dff0:inst9|lpm_ff:lpm_ff_component|dffs[1]  ; clk      ;
; N/A           ; None        ; -3.476 ns ; En      ; lpm_dff0:inst8|lpm_ff:lpm_ff_component|dffs[1]  ; clk      ;
; N/A           ; None        ; -3.476 ns ; En      ; lpm_dff0:inst8|lpm_ff:lpm_ff_component|dffs[0]  ; clk      ;
; N/A           ; None        ; -3.476 ns ; En      ; lpm_dff0:inst7|lpm_ff:lpm_ff_component|dffs[1]  ; clk      ;
; N/A           ; None        ; -3.476 ns ; En      ; lpm_dff0:inst6|lpm_ff:lpm_ff_component|dffs[1]  ; clk      ;
; N/A           ; None        ; -3.476 ns ; En      ; lpm_dff0:inst5|lpm_ff:lpm_ff_component|dffs[1]  ; clk      ;
; N/A           ; None        ; -3.476 ns ; En      ; lpm_dff0:inst5|lpm_ff:lpm_ff_component|dffs[0]  ; clk      ;
; N/A           ; None        ; -3.476 ns ; En      ; lpm_dff0:inst4|lpm_ff:lpm_ff_component|dffs[1]  ; clk      ;
; N/A           ; None        ; -3.476 ns ; En      ; lpm_dff0:inst4|lpm_ff:lpm_ff_component|dffs[0]  ; clk      ;
; N/A           ; None        ; -3.490 ns ; En      ; lpm_dff0:inst7|lpm_ff:lpm_ff_component|dffs[2]  ; clk      ;
; N/A           ; None        ; -3.534 ns ; En      ; lpm_dff0:inst10|lpm_ff:lpm_ff_component|dffs[5] ; clk      ;
; N/A           ; None        ; -3.534 ns ; En      ; lpm_dff0:inst10|lpm_ff:lpm_ff_component|dffs[7] ; clk      ;
; N/A           ; None        ; -3.534 ns ; En      ; lpm_dff0:inst11|lpm_ff:lpm_ff_component|dffs[7] ; clk      ;
; N/A           ; None        ; -3.534 ns ; En      ; lpm_dff0:inst10|lpm_ff:lpm_ff_component|dffs[6] ; clk      ;
; N/A           ; None        ; -3.534 ns ; En      ; lpm_dff0:inst8|lpm_ff:lpm_ff_component|dffs[6]  ; clk      ;
; N/A           ; None        ; -3.534 ns ; En      ; lpm_dff0:inst9|lpm_ff:lpm_ff_component|dffs[7]  ; clk      ;
; N/A           ; None        ; -3.534 ns ; En      ; lpm_dff0:inst8|lpm_ff:lpm_ff_component|dffs[5]  ; clk      ;
; N/A           ; None        ; -3.534 ns ; En      ; lpm_dff0:inst8|lpm_ff:lpm_ff_component|dffs[7]  ; clk      ;
; N/A           ; None        ; -3.534 ns ; En      ; lpm_dff0:inst7|lpm_ff:lpm_ff_component|dffs[7]  ; clk      ;
; N/A           ; None        ; -3.534 ns ; En      ; lpm_dff0:inst6|lpm_ff:lpm_ff_component|dffs[6]  ; clk      ;
; N/A           ; None        ; -3.534 ns ; En      ; lpm_dff0:inst6|lpm_ff:lpm_ff_component|dffs[5]  ; clk      ;
; N/A           ; None        ; -3.534 ns ; En      ; lpm_dff0:inst6|lpm_ff:lpm_ff_component|dffs[7]  ; clk      ;
; N/A           ; None        ; -3.534 ns ; En      ; lpm_dff0:inst5|lpm_ff:lpm_ff_component|dffs[7]  ; clk      ;
; N/A           ; None        ; -3.534 ns ; En      ; lpm_dff0:inst4|lpm_ff:lpm_ff_component|dffs[6]  ; clk      ;
; N/A           ; None        ; -3.534 ns ; En      ; lpm_dff0:inst4|lpm_ff:lpm_ff_component|dffs[5]  ; clk      ;
; N/A           ; None        ; -3.534 ns ; En      ; lpm_dff0:inst4|lpm_ff:lpm_ff_component|dffs[7]  ; clk      ;
+---------------+-------------+-----------+---------+-------------------------------------------------+----------+


+--------------------------+
; Timing Analyzer Messages ;
+--------------------------+
Info: *******************************************************************
Info: Running Quartus II Classic Timing Analyzer
    Info: Version 8.1 Build 163 10/28/2008 SJ Full Version
    Info: Processing started: Fri Oct 28 14:39:17 2022
Info: Command: quartus_tan --read_settings_files=off --write_settings_files=off 8bit_compare -c 8bit_compare --timing_analysis_only
Info: Parallel compilation is enabled and will use 4 of the 4 processors detected
Warning: Found pins functioning as undefined clocks and/or memory enables
    Info: Assuming node "clk" is an undefined clock
Info: Clock "clk" Internal fmax is restricted to 500.0 MHz between source register "lpm_dff0:inst4|lpm_ff:lpm_ff_component|dffs[0]" and destination register "lpm_dff0:inst5|lpm_ff:lpm_ff_component|dffs[0]"
    Info: fmax restricted to clock pin edge rate 2.0 ns. Expand message to see actual delay path.
        Info: + Longest register to register delay is 1.075 ns
            Info: 1: + IC(0.000 ns) + CELL(0.000 ns) = 0.000 ns; Loc. = LCFF_X21_Y15_N29; Fanout = 4; REG Node = 'lpm_dff0:inst4|lpm_ff:lpm_ff_component|dffs[0]'
            Info: 2: + IC(0.766 ns) + CELL(0.309 ns) = 1.075 ns; Loc. = LCFF_X21_Y15_N9; Fanout = 4; REG Node = 'lpm_dff0:inst5|lpm_ff:lpm_ff_component|dffs[0]'
            Info: Total cell delay = 0.309 ns ( 28.74 % )
            Info: Total interconnect delay = 0.766 ns ( 71.26 % )
        Info: - Smallest clock skew is 0.000 ns
            Info: + Shortest clock path from clock "clk" to destination register is 2.476 ns
                Info: 1: + IC(0.000 ns) + CELL(0.854 ns) = 0.854 ns; Loc. = PIN_N20; Fanout = 1; CLK Node = 'clk'
                Info: 2: + IC(0.343 ns) + CELL(0.000 ns) = 1.197 ns; Loc. = CLKCTRL_G3; Fanout = 64; COMB Node = 'clk~clkctrl'
                Info: 3: + IC(0.661 ns) + CELL(0.618 ns) = 2.476 ns; Loc. = LCFF_X21_Y15_N9; Fanout = 4; REG Node = 'lpm_dff0:inst5|lpm_ff:lpm_ff_component|dffs[0]'
                Info: Total cell delay = 1.472 ns ( 59.45 % )
                Info: Total interconnect delay = 1.004 ns ( 40.55 % )
            Info: - Longest clock path from clock "clk" to source register is 2.476 ns
                Info: 1: + IC(0.000 ns) + CELL(0.854 ns) = 0.854 ns; Loc. = PIN_N20; Fanout = 1; CLK Node = 'clk'
                Info: 2: + IC(0.343 ns) + CELL(0.000 ns) = 1.197 ns; Loc. = CLKCTRL_G3; Fanout = 64; COMB Node = 'clk~clkctrl'
                Info: 3: + IC(0.661 ns) + CELL(0.618 ns) = 2.476 ns; Loc. = LCFF_X21_Y15_N29; Fanout = 4; REG Node = 'lpm_dff0:inst4|lpm_ff:lpm_ff_component|dffs[0]'
                Info: Total cell delay = 1.472 ns ( 59.45 % )
                Info: Total interconnect delay = 1.004 ns ( 40.55 % )
        Info: + Micro clock to output delay of source is 0.094 ns
        Info: + Micro setup delay of destination is 0.090 ns
Info: tsu for register "lpm_dff0:inst10|lpm_ff:lpm_ff_component|dffs[5]" (data pin = "En", clock pin = "clk") is 3.773 ns
    Info: + Longest pin to register delay is 6.159 ns
        Info: 1: + IC(0.000 ns) + CELL(0.772 ns) = 0.772 ns; Loc. = PIN_AA10; Fanout = 64; PIN Node = 'En'
        Info: 2: + IC(4.641 ns) + CELL(0.746 ns) = 6.159 ns; Loc. = LCFF_X23_Y16_N29; Fanout = 4; REG Node = 'lpm_dff0:inst10|lpm_ff:lpm_ff_component|dffs[5]'
        Info: Total cell delay = 1.518 ns ( 24.65 % )
        Info: Total interconnect delay = 4.641 ns ( 75.35 % )
    Info: + Micro setup delay of destination is 0.090 ns
    Info: - Shortest clock path from clock "clk" to destination register is 2.476 ns
        Info: 1: + IC(0.000 ns) + CELL(0.854 ns) = 0.854 ns; Loc. = PIN_N20; Fanout = 1; CLK Node = 'clk'
        Info: 2: + IC(0.343 ns) + CELL(0.000 ns) = 1.197 ns; Loc. = CLKCTRL_G3; Fanout = 64; COMB Node = 'clk~clkctrl'
        Info: 3: + IC(0.661 ns) + CELL(0.618 ns) = 2.476 ns; Loc. = LCFF_X23_Y16_N29; Fanout = 4; REG Node = 'lpm_dff0:inst10|lpm_ff:lpm_ff_component|dffs[5]'
        Info: Total cell delay = 1.472 ns ( 59.45 % )
        Info: Total interconnect delay = 1.004 ns ( 40.55 % )
Info: tco from clock "clk" to destination pin "Max[6]" through register "lpm_dff0:inst9|lpm_ff:lpm_ff_component|dffs[7]" is 17.889 ns
    Info: + Longest clock path from clock "clk" to source register is 2.476 ns
        Info: 1: + IC(0.000 ns) + CELL(0.854 ns) = 0.854 ns; Loc. = PIN_N20; Fanout = 1; CLK Node = 'clk'
        Info: 2: + IC(0.343 ns) + CELL(0.000 ns) = 1.197 ns; Loc. = CLKCTRL_G3; Fanout = 64; COMB Node = 'clk~clkctrl'
        Info: 3: + IC(0.661 ns) + CELL(0.618 ns) = 2.476 ns; Loc. = LCFF_X23_Y16_N25; Fanout = 4; REG Node = 'lpm_dff0:inst9|lpm_ff:lpm_ff_component|dffs[7]'
        Info: Total cell delay = 1.472 ns ( 59.45 % )
        Info: Total interconnect delay = 1.004 ns ( 40.55 % )
    Info: + Micro clock to output delay of source is 0.094 ns
    Info: + Longest register to pin delay is 15.319 ns
        Info: 1: + IC(0.000 ns) + CELL(0.000 ns) = 0.000 ns; Loc. = LCFF_X23_Y16_N25; Fanout = 4; REG Node = 'lpm_dff0:inst9|lpm_ff:lpm_ff_component|dffs[7]'
        Info: 2: + IC(1.277 ns) + CELL(0.357 ns) = 1.634 ns; Loc. = LCCOMB_X23_Y16_N30; Fanout = 1; COMB Node = 'Max2data:inst3|lpm_compare0:inst|lpm_compare:lpm_compare_component|cmpr_hig:auto_generated|op_1~554'
        Info: 3: + IC(1.227 ns) + CELL(0.346 ns) = 3.207 ns; Loc. = LCCOMB_X26_Y15_N18; Fanout = 8; COMB Node = 'Max2data:inst3|lpm_compare0:inst|lpm_compare:lpm_compare_component|cmpr_hig:auto_generated|op_1~557'
        Info: 4: + IC(0.503 ns) + CELL(0.053 ns) = 3.763 ns; Loc. = LCCOMB_X22_Y15_N22; Fanout = 3; COMB Node = 'Max2data:inst3|lpm_mux0:inst1|lpm_mux:lpm_mux_component|mux_unc:auto_generated|l1_w0_n0_mux_dataout~15'
        Info: 5: + IC(1.217 ns) + CELL(0.053 ns) = 5.033 ns; Loc. = LCCOMB_X21_Y15_N16; Fanout = 1; COMB Node = 'Max2data:inst16|lpm_compare0:inst|lpm_compare:lpm_compare_component|cmpr_hig:auto_generated|op_1~445'
        Info: 6: + IC(0.361 ns) + CELL(0.366 ns) = 5.760 ns; Loc. = LCCOMB_X22_Y15_N2; Fanout = 3; COMB Node = 'Max2data:inst16|lpm_compare0:inst|lpm_compare:lpm_compare_component|cmpr_hig:auto_generated|op_1~443'
        Info: 7: + IC(0.785 ns) + CELL(0.378 ns) = 6.923 ns; Loc. = LCCOMB_X25_Y16_N12; Fanout = 2; COMB Node = 'Max2data:inst16|lpm_mux0:inst1|lpm_mux:lpm_mux_component|mux_unc:auto_generated|l1_w1_n0_mux_dataout~19'
        Info: 8: + IC(1.281 ns) + CELL(0.366 ns) = 8.570 ns; Loc. = LCCOMB_X22_Y15_N10; Fanout = 1; COMB Node = 'Max2data:inst17|lpm_compare0:inst|lpm_compare:lpm_compare_component|cmpr_hig:auto_generated|op_1~428'
        Info: 9: + IC(0.592 ns) + CELL(0.366 ns) = 9.528 ns; Loc. = LCCOMB_X23_Y14_N18; Fanout = 1; COMB Node = 'Max2data:inst17|lpm_compare0:inst|lpm_compare:lpm_compare_component|cmpr_hig:auto_generated|op_1~429'
        Info: 10: + IC(0.259 ns) + CELL(0.346 ns) = 10.133 ns; Loc. = LCCOMB_X23_Y14_N6; Fanout = 7; COMB Node = 'Max2data:inst17|lpm_compare0:inst|lpm_compare:lpm_compare_component|cmpr_hig:auto_generated|op_1~430'
        Info: 11: + IC(0.630 ns) + CELL(0.346 ns) = 11.109 ns; Loc. = LCCOMB_X22_Y15_N12; Fanout = 1; COMB Node = 'Max2data:inst17|lpm_mux0:inst1|lpm_mux:lpm_mux_component|mux_unc:auto_generated|l1_w6_n0_mux_dataout~15'
        Info: 12: + IC(2.066 ns) + CELL(2.144 ns) = 15.319 ns; Loc. = PIN_N22; Fanout = 0; PIN Node = 'Max[6]'
        Info: Total cell delay = 5.121 ns ( 33.43 % )
        Info: Total interconnect delay = 10.198 ns ( 66.57 % )
Info: th for register "lpm_dff0:inst4|lpm_ff:lpm_ff_component|dffs[6]" (data pin = "Data[6]", clock pin = "clk") is -2.550 ns
    Info: + Longest clock path from clock "clk" to destination register is 2.476 ns
        Info: 1: + IC(0.000 ns) + CELL(0.854 ns) = 0.854 ns; Loc. = PIN_N20; Fanout = 1; CLK Node = 'clk'
        Info: 2: + IC(0.343 ns) + CELL(0.000 ns) = 1.197 ns; Loc. = CLKCTRL_G3; Fanout = 64; COMB Node = 'clk~clkctrl'
        Info: 3: + IC(0.661 ns) + CELL(0.618 ns) = 2.476 ns; Loc. = LCFF_X23_Y16_N11; Fanout = 4; REG Node = 'lpm_dff0:inst4|lpm_ff:lpm_ff_component|dffs[6]'
        Info: Total cell delay = 1.472 ns ( 59.45 % )
        Info: Total interconnect delay = 1.004 ns ( 40.55 % )
    Info: + Micro hold delay of destination is 0.149 ns
    Info: - Shortest pin to register delay is 5.175 ns
        Info: 1: + IC(0.000 ns) + CELL(0.820 ns) = 0.820 ns; Loc. = PIN_K1; Fanout = 1; PIN Node = 'Data[6]'
        Info: 2: + IC(4.046 ns) + CELL(0.309 ns) = 5.175 ns; Loc. = LCFF_X23_Y16_N11; Fanout = 4; REG Node = 'lpm_dff0:inst4|lpm_ff:lpm_ff_component|dffs[6]'
        Info: Total cell delay = 1.129 ns ( 21.82 % )
        Info: Total interconnect delay = 4.046 ns ( 78.18 % )
Info: Parallel compilation was enabled but no parallel operations were performed
Info: Quartus II Classic Timing Analyzer was successful. 0 errors, 1 warning
    Info: Peak virtual memory: 193 megabytes
    Info: Processing ended: Fri Oct 28 14:39:18 2022
    Info: Elapsed time: 00:00:01
    Info: Total CPU time (on all processors): 00:00:01


