C51 COMPILER V9.54   MAIN                                                                  07/29/2023 00:07:38 PAGE 1   


C51 COMPILER V9.54, COMPILATION OF MODULE MAIN
OBJECT MODULE PLACED IN .\Objects\main.obj
COMPILER INVOKED BY: E:\Software_installation\Keil_C51\C51\BIN\C51.EXE main.c OPTIMIZE(8,SPEED) BROWSE DEBUG OBJECTEXTEN
                    -D PRINT(.\Listings\main.lst) TABS(2) OBJECT(.\Objects\main.obj)

line level    source

   1          #include <STC89C5xRC.H>
   2          #include "SMG.h"
   3          unsigned int t10ms=0;
   4          void Timer0Init(void)   //10毫秒@12.000MHz
   5          {
   6   1        AUXR |= 0x80;   //定时器时钟1T模式
   7   1        TMOD &= 0xF0;   //设置定时器模式
   8   1        TL0 = 0x20;   //设置定时初值
   9   1        TH0 = 0xD1;   //设置定时初值
  10   1        TF0 = 0;    //清除TF0标志
  11   1        TR0 = 1;    //定时器0开始计时
  12   1        ET0=1;
  13   1        EA=1;
  14   1      }
  15          void timer0() interrupt 1
  16          {
  17   1        SMG_dis();
  18   1        t10ms++;
  19   1      }
  20          unsigned char status=0;
  21          void main()
  22          {
  23   1        Timer0Init();
  24   1        while(1)
  25   1        {
  26   2          if(t10ms>=100)
  27   2          {
  28   3            t10ms=0;
  29   3            
  30   3            if(mo1[3]>=16)
  31   3            {
  32   4              status=1;
  33   4            }
  34   3            if(mo1[3]<=8)
  35   3            {
  36   4              status=0;
  37   4            }
  38   3            if(status==0)
  39   3              mo1[3]++;
  40   3            else
  41   3              mo1[3]--;
  42   3          }
  43   2        }
  44   1      }


MODULE INFORMATION:   STATIC OVERLAYABLE
   CODE SIZE        =    138    ----
   CONSTANT SIZE    =   ----    ----
   XDATA SIZE       =   ----    ----
   PDATA SIZE       =   ----    ----
   DATA SIZE        =      3    ----
   IDATA SIZE       =   ----    ----
   BIT SIZE         =   ----    ----
C51 COMPILER V9.54   MAIN                                                                  07/29/2023 00:07:38 PAGE 2   

END OF MODULE INFORMATION.


C51 COMPILATION COMPLETE.  0 WARNING(S),  0 ERROR(S)
