C51 COMPILER V9.54   MAIN                                                                  07/29/2023 00:08:44 PAGE 1   


C51 COMPILER V9.54, COMPILATION OF MODULE MAIN
OBJECT MODULE PLACED IN .\Objects\main.obj
COMPILER INVOKED BY: E:\Software_installation\Keil_C51\C51\BIN\C51.EXE main.c OPTIMIZE(8,SPEED) BROWSE DEBUG OBJECTEXTEN
                    -D PRINT(.\Listings\main.lst) TABS(2) OBJECT(.\Objects\main.obj)

line level    source

   1          //先按input按钮，可以发现数码管四位都显示为0，此时输入你想要的电压值
   2          //例：我想输出1.21V，那我输入0121
   3          //发现数码管显示为0121
   4          //按下start按钮，发现数码管显示为1.21，电压表显示为1.21V
   5          #include <STC89C5xRC.H>
   6          #include <SMG.h>
   7          #include <button.h>
   8          sbit din=P3^0;
   9          sbit sclk=P3^2;
  10          sbit cs=P3^1;
  11          sbit dout=P3^3;
  12          unsigned int t10ms=0;
  13          #define Vref 5
  14          float v0=0;
  15          float count_DAC(unsigned char u);
  16          unsigned char i=0;
  17          unsigned char statue=0;
  18          bit control=0;
  19          void Timer0Init(void)   //10ms
  20          {
  21   1        AUXR |= 0x80;   
  22   1        TMOD &= 0xF0;   
  23   1        TL0 = 0x20;   
  24   1        TH0 = 0xD1;   
  25   1        TF0 = 0;    
  26   1        TR0 = 1;    
  27   1        ET0=1;
  28   1        EA=1;
  29   1      }
  30          float counting()//
  31          {
  32   1        float sum=0;
  33   1        float xianshi=0;
  34   1        sum=mo2[1]*100+mo2[2]*10+mo2[3];
  35   1        xianshi=(sum/500)*256;
  36   1        return xianshi;
  37   1      }
  38          void timer0() interrupt 1
  39          {
  40   1        SMG_dis();
  41   1        t10ms++;
  42   1        button();
  43   1      }
  44          unsigned int volt=0;
  45          void main()
  46          {
  47   1        Timer0Init();
  48   1        while(1)
  49   1        {
  50   2          P3=(unsigned char)(counting());
  51   2          if(key_v==7&&key_s==2)//0
  52   2          {
  53   3            if(statue==0)
  54   3            {
C51 COMPILER V9.54   MAIN                                                                  07/29/2023 00:08:44 PAGE 2   

  55   4              statue=1;
  56   4              mo2[i]=0;
  57   4              i++;
  58   4            }
  59   3          }
  60   2          if(key_v==11&&key_s==2)//1
  61   2          {
  62   3            if(statue==0)
  63   3            {
  64   4              statue=1;
  65   4              mo2[i]=1;
  66   4              i++;
  67   4            }
  68   3          }
  69   2          if(key_v==15&&key_s==2)//2
  70   2          {
  71   3            if(statue==0)
  72   3            {
  73   4              statue=1;
  74   4              mo2[i]=2;
  75   4              i++;
  76   4            }
  77   3          }
  78   2          if(key_v==19&&key_s==2)//3
  79   2          {
  80   3            if(statue==0)
  81   3            {
  82   4              statue=1;
  83   4              mo2[i]=3;
  84   4              i++;
  85   4            }
  86   3          }
  87   2          if(key_v==6&&key_s==2)//4
  88   2          {
  89   3            if(statue==0)
  90   3            {
  91   4              statue=1;
  92   4              mo2[i]=4;
  93   4              i++;
  94   4            }
  95   3          }
  96   2          if(key_v==10&&key_s==2)//5
  97   2          {
  98   3            if(statue==0)
  99   3            {
 100   4              statue=1;
 101   4              mo2[i]=5;
 102   4              i++;
 103   4            }
 104   3          }
 105   2          if(key_v==14&&key_s==2)//6
 106   2          {
 107   3            if(statue==0)
 108   3            {
 109   4              statue=1;
 110   4              mo2[i]=6;
 111   4              i++;
 112   4            }
 113   3          }
 114   2          if(key_v==18&&key_s==2)//7
 115   2          {
 116   3            if(statue==0)
C51 COMPILER V9.54   MAIN                                                                  07/29/2023 00:08:44 PAGE 3   

 117   3            {
 118   4              statue=1;
 119   4              mo2[i]=7;
 120   4              i++;
 121   4            }
 122   3          }
 123   2          if(key_v==5&&key_s==2)//8
 124   2          {
 125   3            if(statue==0)
 126   3            {
 127   4              statue=1;
 128   4              mo2[i]=8;
 129   4              i++;
 130   4            }
 131   3          }
 132   2          if(key_v==9&&key_s==2)//9
 133   2          {
 134   3            if(statue==0)
 135   3            {
 136   4              statue=1;
 137   4              mo2[i]=9;
 138   4              i++;
 139   4            }
 140   3          }
 141   2          if(key_v==13&&key_s==2)//input
 142   2          {
 143   3            SMG_cun=mo2;
 144   3          }
 145   2          if(key_v==17&&key_s==2)//start
 146   2          {
 147   3            SMG_cun=mo3;
 148   3            mo3[1]=mo2[1]+32;
 149   3            mo3[2]=mo2[2];
 150   3            mo3[3]=mo2[3];
 151   3          }
 152   2          if(key_v==4&&key_s==2)//stop
 153   2          {
 154   3            control=0;
 155   3          }
 156   2          if(P1==0x0f)
 157   2          {
 158   3            statue=0;
 159   3          }
 160   2          volt=mo2[1]*100+mo2[2]*10+mo2[3];
 161   2          
 162   2        }
 163   1      }


MODULE INFORMATION:   STATIC OVERLAYABLE
   CODE SIZE        =    539    ----
   CONSTANT SIZE    =   ----    ----
   XDATA SIZE       =   ----    ----
   PDATA SIZE       =   ----    ----
   DATA SIZE        =     10       4
   IDATA SIZE       =   ----    ----
   BIT SIZE         =      1    ----
END OF MODULE INFORMATION.


C51 COMPILATION COMPLETE.  0 WARNING(S),  0 ERROR(S)
