Replace Part C1 CAP in D:\OneDrive_for_nannan\OneDrive - jsmwyz\作业\单片机及嵌入式综合实习\STM32F030C8T6.SchDoc with CAP from 电容.IntLib
Replace Part C2 CAP in D:\OneDrive_for_nannan\OneDrive - jsmwyz\作业\单片机及嵌入式综合实习\STM32F030C8T6.SchDoc with CAP from 电容.IntLib
Replace Part C3 CAP in D:\OneDrive_for_nannan\OneDrive - jsmwyz\作业\单片机及嵌入式综合实习\STM32F030C8T6.SchDoc with CAP from 电容.IntLib
Replace Part C4 CAP in D:\OneDrive_for_nannan\OneDrive - jsmwyz\作业\单片机及嵌入式综合实习\STM32F030C8T6.SchDoc with CAP from 电容.IntLib
Replace Part C5 CAP in D:\OneDrive_for_nannan\OneDrive - jsmwyz\作业\单片机及嵌入式综合实习\STM32F030C8T6.SchDoc with CAP from 电容.IntLib
Replace Part C6 CAP in D:\OneDrive_for_nannan\OneDrive - jsmwyz\作业\单片机及嵌入式综合实习\STM32F030C8T6.SchDoc with CAP from 电容.IntLib
Replace Part C7 CAP in D:\OneDrive_for_nannan\OneDrive - jsmwyz\作业\单片机及嵌入式综合实习\STM32F030C8T6.SchDoc with CAP from 电容.IntLib
Replace Part C8 CAP in D:\OneDrive_for_nannan\OneDrive - jsmwyz\作业\单片机及嵌入式综合实习\STM32F030C8T6.SchDoc with CAP from 电容.IntLib
Replace Part C9 CAP in D:\OneDrive_for_nannan\OneDrive - jsmwyz\作业\单片机及嵌入式综合实习\STM32F030C8T6.SchDoc with CAP from 电容.IntLib
Replace Part C10 CAP in D:\OneDrive_for_nannan\OneDrive - jsmwyz\作业\单片机及嵌入式综合实习\STM32F030C8T6.SchDoc with CAP from 电容.IntLib
Replace Part C11 CAP in D:\OneDrive_for_nannan\OneDrive - jsmwyz\作业\单片机及嵌入式综合实习\STM32F030C8T6.SchDoc with CAP from 电容.IntLib
Replace Part C12 CAP in D:\OneDrive_for_nannan\OneDrive - jsmwyz\作业\单片机及嵌入式综合实习\STM32F030C8T6.SchDoc with CAP from 电容.IntLib
Replace Part C13 CAP in D:\OneDrive_for_nannan\OneDrive - jsmwyz\作业\单片机及嵌入式综合实习\STM32F030C8T6.SchDoc with CAP from 电容.IntLib
Replace Part J1 Pin HDR1X3 in D:\OneDrive_for_nannan\OneDrive - jsmwyz\作业\单片机及嵌入式综合实习\STM32F030C8T6.SchDoc with Pin HDR1X3 from 排针.IntLib
Replace Part J2 Pin HDR1X4 in D:\OneDrive_for_nannan\OneDrive - jsmwyz\作业\单片机及嵌入式综合实习\STM32F030C8T6.SchDoc with Pin HDR1X4 from 排针.IntLib
Replace Part R3 RES in D:\OneDrive_for_nannan\OneDrive - jsmwyz\作业\单片机及嵌入式综合实习\STM32F030C8T6.SchDoc with RES from 电阻.IntLib
Replace Part R4 RES in D:\OneDrive_for_nannan\OneDrive - jsmwyz\作业\单片机及嵌入式综合实习\STM32F030C8T6.SchDoc with RES from 电阻.IntLib
Replace Part U1A STM32F030C8T6 in D:\OneDrive_for_nannan\OneDrive - jsmwyz\作业\单片机及嵌入式综合实习\STM32F030C8T6.SchDoc with STM32F030C8T6 from STM32F030C8T61_STM32F030C8T6.SCHLIB
Replace Part U1B STM32F030C8T6 in D:\OneDrive_for_nannan\OneDrive - jsmwyz\作业\单片机及嵌入式综合实习\STM32F030C8T6.SchDoc with STM32F030C8T6 from STM32F030C8T61_STM32F030C8T6.SCHLIB
Replace Part U2 AMS1117 in D:\OneDrive_for_nannan\OneDrive - jsmwyz\作业\单片机及嵌入式综合实习\STM32F030C8T6.SchDoc with AMS1117 from 电源芯片.IntLib
Replace Part U3 CH340C in D:\OneDrive_for_nannan\OneDrive - jsmwyz\作业\单片机及嵌入式综合实习\STM32F030C8T6.SchDoc with CH340C from CH340C1_CH340C.SCHLIB
Replace Part Y1 XTAL-2P in D:\OneDrive_for_nannan\OneDrive - jsmwyz\作业\单片机及嵌入式综合实习\STM32F030C8T6.SchDoc with XTAL-2P from 晶振.IntLib
